[2023-06-18T15:30:25.948+0000] {taskinstance.py:1084} INFO - Dependencies all met for dep_context=non-requeueable deps ti=<TaskInstance: data_ingestion_gcs_dag.format_to_parquet_task manual__2023-06-18T15:30:19.707418+00:00 [queued]>
[2023-06-18T15:30:25.967+0000] {taskinstance.py:1084} INFO - Dependencies all met for dep_context=requeueable deps ti=<TaskInstance: data_ingestion_gcs_dag.format_to_parquet_task manual__2023-06-18T15:30:19.707418+00:00 [queued]>
[2023-06-18T15:30:25.968+0000] {taskinstance.py:1282} INFO - 
--------------------------------------------------------------------------------
[2023-06-18T15:30:25.969+0000] {taskinstance.py:1283} INFO - Starting attempt 1 of 2
[2023-06-18T15:30:25.970+0000] {taskinstance.py:1284} INFO - 
--------------------------------------------------------------------------------
[2023-06-18T15:30:25.998+0000] {taskinstance.py:1303} INFO - Executing <Task(PythonOperator): format_to_parquet_task> on 2023-06-18 15:30:19.707418+00:00
[2023-06-18T15:30:26.012+0000] {standard_task_runner.py:55} INFO - Started process 3616 to run task
[2023-06-18T15:30:26.017+0000] {standard_task_runner.py:82} INFO - Running: ['***', 'tasks', 'run', 'data_ingestion_gcs_dag', 'format_to_parquet_task', 'manual__2023-06-18T15:30:19.707418+00:00', '--job-id', '24', '--raw', '--subdir', 'DAGS_FOLDER/data_ingestion_kaggle_zip.py', '--cfg-path', '/tmp/tmptpvdsbho']
[2023-06-18T15:30:26.020+0000] {standard_task_runner.py:83} INFO - Job 24: Subtask format_to_parquet_task
[2023-06-18T15:30:26.113+0000] {task_command.py:388} INFO - Running <TaskInstance: data_ingestion_gcs_dag.format_to_parquet_task manual__2023-06-18T15:30:19.707418+00:00 [running]> on host d0aad92f0cfd
[2023-06-18T15:30:26.227+0000] {taskinstance.py:1511} INFO - Exporting the following env vars:
AIRFLOW_CTX_DAG_OWNER=***
AIRFLOW_CTX_DAG_ID=data_ingestion_gcs_dag
AIRFLOW_CTX_TASK_ID=format_to_parquet_task
AIRFLOW_CTX_EXECUTION_DATE=2023-06-18T15:30:19.707418+00:00
AIRFLOW_CTX_TRY_NUMBER=1
AIRFLOW_CTX_DAG_RUN_ID=manual__2023-06-18T15:30:19.707418+00:00
[2023-06-18T15:30:26.229+0000] {data_ingestion_kaggle_zip.py:29} ERROR - Can only accept source files in CSV format, for the moment
[2023-06-18T15:30:26.230+0000] {data_ingestion_kaggle_zip.py:29} ERROR - Can only accept source files in CSV format, for the moment
[2023-06-18T15:30:26.231+0000] {data_ingestion_kaggle_zip.py:29} ERROR - Can only accept source files in CSV format, for the moment
[2023-06-18T15:30:26.231+0000] {data_ingestion_kaggle_zip.py:29} ERROR - Can only accept source files in CSV format, for the moment
[2023-06-18T15:30:26.232+0000] {data_ingestion_kaggle_zip.py:29} ERROR - Can only accept source files in CSV format, for the moment
[2023-06-18T15:30:26.233+0000] {data_ingestion_kaggle_zip.py:29} ERROR - Can only accept source files in CSV format, for the moment
[2023-06-18T15:30:26.233+0000] {python.py:177} INFO - Done. Returned value was: None
[2023-06-18T15:30:26.249+0000] {taskinstance.py:1326} INFO - Marking task as SUCCESS. dag_id=data_ingestion_gcs_dag, task_id=format_to_parquet_task, execution_date=20230618T153019, start_date=20230618T153025, end_date=20230618T153026
[2023-06-18T15:30:26.309+0000] {local_task_job.py:212} INFO - Task exited with return code 0
[2023-06-18T15:30:26.358+0000] {taskinstance.py:2585} INFO - 1 downstream tasks scheduled from follow-on schedule check
