[2023-06-18T17:35:18.693+0000] {taskinstance.py:1084} INFO - Dependencies all met for dep_context=non-requeueable deps ti=<TaskInstance: data_ingestion_kaggle_zip_bq.format_to_parquet_task manual__2023-06-18T17:34:54.257561+00:00 [queued]>
[2023-06-18T17:35:18.715+0000] {taskinstance.py:1084} INFO - Dependencies all met for dep_context=requeueable deps ti=<TaskInstance: data_ingestion_kaggle_zip_bq.format_to_parquet_task manual__2023-06-18T17:34:54.257561+00:00 [queued]>
[2023-06-18T17:35:18.716+0000] {taskinstance.py:1282} INFO - 
--------------------------------------------------------------------------------
[2023-06-18T17:35:18.718+0000] {taskinstance.py:1283} INFO - Starting attempt 1 of 2
[2023-06-18T17:35:18.719+0000] {taskinstance.py:1284} INFO - 
--------------------------------------------------------------------------------
[2023-06-18T17:35:18.751+0000] {taskinstance.py:1303} INFO - Executing <Task(PythonOperator): format_to_parquet_task> on 2023-06-18 17:34:54.257561+00:00
[2023-06-18T17:35:18.772+0000] {standard_task_runner.py:55} INFO - Started process 10499 to run task
[2023-06-18T17:35:19.012+0000] {standard_task_runner.py:82} INFO - Running: ['***', 'tasks', 'run', 'data_ingestion_kaggle_zip_bq', 'format_to_parquet_task', 'manual__2023-06-18T17:34:54.257561+00:00', '--job-id', '57', '--raw', '--subdir', 'DAGS_FOLDER/data_ingestion_kaggle_zip_bq.py', '--cfg-path', '/tmp/tmp0jw5dybn']
[2023-06-18T17:35:19.030+0000] {standard_task_runner.py:83} INFO - Job 57: Subtask format_to_parquet_task
[2023-06-18T17:35:19.491+0000] {task_command.py:388} INFO - Running <TaskInstance: data_ingestion_kaggle_zip_bq.format_to_parquet_task manual__2023-06-18T17:34:54.257561+00:00 [running]> on host d0aad92f0cfd
[2023-06-18T17:35:19.667+0000] {taskinstance.py:1511} INFO - Exporting the following env vars:
AIRFLOW_CTX_DAG_OWNER=***
AIRFLOW_CTX_DAG_ID=data_ingestion_kaggle_zip_bq
AIRFLOW_CTX_TASK_ID=format_to_parquet_task
AIRFLOW_CTX_EXECUTION_DATE=2023-06-18T17:34:54.257561+00:00
AIRFLOW_CTX_TRY_NUMBER=1
AIRFLOW_CTX_DAG_RUN_ID=manual__2023-06-18T17:34:54.257561+00:00
[2023-06-18T17:35:19.669+0000] {data_ingestion_kaggle_zip_bq.py:29} ERROR - Can only accept source files in CSV format, for the moment
[2023-06-18T17:35:19.670+0000] {data_ingestion_kaggle_zip_bq.py:29} ERROR - Can only accept source files in CSV format, for the moment
[2023-06-18T17:35:19.671+0000] {data_ingestion_kaggle_zip_bq.py:29} ERROR - Can only accept source files in CSV format, for the moment
[2023-06-18T17:35:19.672+0000] {data_ingestion_kaggle_zip_bq.py:29} ERROR - Can only accept source files in CSV format, for the moment
[2023-06-18T17:35:19.673+0000] {data_ingestion_kaggle_zip_bq.py:29} ERROR - Can only accept source files in CSV format, for the moment
[2023-06-18T17:35:19.674+0000] {data_ingestion_kaggle_zip_bq.py:29} ERROR - Can only accept source files in CSV format, for the moment
[2023-06-18T17:35:19.675+0000] {data_ingestion_kaggle_zip_bq.py:29} ERROR - Can only accept source files in CSV format, for the moment
[2023-06-18T17:35:19.676+0000] {data_ingestion_kaggle_zip_bq.py:29} ERROR - Can only accept source files in CSV format, for the moment
[2023-06-18T17:35:19.677+0000] {data_ingestion_kaggle_zip_bq.py:29} ERROR - Can only accept source files in CSV format, for the moment
[2023-06-18T17:35:19.678+0000] {data_ingestion_kaggle_zip_bq.py:29} ERROR - Can only accept source files in CSV format, for the moment
[2023-06-18T17:35:19.678+0000] {data_ingestion_kaggle_zip_bq.py:29} ERROR - Can only accept source files in CSV format, for the moment
[2023-06-18T17:35:19.679+0000] {data_ingestion_kaggle_zip_bq.py:29} ERROR - Can only accept source files in CSV format, for the moment
[2023-06-18T17:35:19.680+0000] {data_ingestion_kaggle_zip_bq.py:29} ERROR - Can only accept source files in CSV format, for the moment
[2023-06-18T17:35:19.680+0000] {data_ingestion_kaggle_zip_bq.py:29} ERROR - Can only accept source files in CSV format, for the moment
[2023-06-18T17:35:19.681+0000] {data_ingestion_kaggle_zip_bq.py:29} ERROR - Can only accept source files in CSV format, for the moment
[2023-06-18T17:35:19.682+0000] {data_ingestion_kaggle_zip_bq.py:29} ERROR - Can only accept source files in CSV format, for the moment
[2023-06-18T17:35:19.682+0000] {data_ingestion_kaggle_zip_bq.py:29} ERROR - Can only accept source files in CSV format, for the moment
[2023-06-18T17:35:19.683+0000] {data_ingestion_kaggle_zip_bq.py:29} ERROR - Can only accept source files in CSV format, for the moment
[2023-06-18T17:35:19.684+0000] {data_ingestion_kaggle_zip_bq.py:29} ERROR - Can only accept source files in CSV format, for the moment
[2023-06-18T17:35:19.685+0000] {data_ingestion_kaggle_zip_bq.py:29} ERROR - Can only accept source files in CSV format, for the moment
[2023-06-18T17:35:19.686+0000] {data_ingestion_kaggle_zip_bq.py:29} ERROR - Can only accept source files in CSV format, for the moment
[2023-06-18T17:35:19.687+0000] {data_ingestion_kaggle_zip_bq.py:29} ERROR - Can only accept source files in CSV format, for the moment
[2023-06-18T17:35:19.688+0000] {data_ingestion_kaggle_zip_bq.py:29} ERROR - Can only accept source files in CSV format, for the moment
[2023-06-18T17:35:19.689+0000] {data_ingestion_kaggle_zip_bq.py:29} ERROR - Can only accept source files in CSV format, for the moment
[2023-06-18T17:35:19.690+0000] {data_ingestion_kaggle_zip_bq.py:29} ERROR - Can only accept source files in CSV format, for the moment
[2023-06-18T17:35:19.691+0000] {data_ingestion_kaggle_zip_bq.py:29} ERROR - Can only accept source files in CSV format, for the moment
[2023-06-18T17:35:19.692+0000] {data_ingestion_kaggle_zip_bq.py:29} ERROR - Can only accept source files in CSV format, for the moment
[2023-06-18T17:35:19.693+0000] {data_ingestion_kaggle_zip_bq.py:29} ERROR - Can only accept source files in CSV format, for the moment
[2023-06-18T17:35:19.694+0000] {data_ingestion_kaggle_zip_bq.py:29} ERROR - Can only accept source files in CSV format, for the moment
[2023-06-18T17:35:19.695+0000] {data_ingestion_kaggle_zip_bq.py:29} ERROR - Can only accept source files in CSV format, for the moment
[2023-06-18T17:35:19.696+0000] {data_ingestion_kaggle_zip_bq.py:29} ERROR - Can only accept source files in CSV format, for the moment
[2023-06-18T17:35:19.696+0000] {data_ingestion_kaggle_zip_bq.py:29} ERROR - Can only accept source files in CSV format, for the moment
[2023-06-18T17:35:19.697+0000] {data_ingestion_kaggle_zip_bq.py:29} ERROR - Can only accept source files in CSV format, for the moment
[2023-06-18T17:35:19.697+0000] {data_ingestion_kaggle_zip_bq.py:29} ERROR - Can only accept source files in CSV format, for the moment
[2023-06-18T17:35:19.698+0000] {data_ingestion_kaggle_zip_bq.py:29} ERROR - Can only accept source files in CSV format, for the moment
[2023-06-18T17:35:19.699+0000] {data_ingestion_kaggle_zip_bq.py:29} ERROR - Can only accept source files in CSV format, for the moment
[2023-06-18T17:35:19.700+0000] {data_ingestion_kaggle_zip_bq.py:29} ERROR - Can only accept source files in CSV format, for the moment
[2023-06-18T17:35:19.701+0000] {data_ingestion_kaggle_zip_bq.py:29} ERROR - Can only accept source files in CSV format, for the moment
[2023-06-18T17:35:19.702+0000] {data_ingestion_kaggle_zip_bq.py:29} ERROR - Can only accept source files in CSV format, for the moment
[2023-06-18T17:35:19.703+0000] {data_ingestion_kaggle_zip_bq.py:29} ERROR - Can only accept source files in CSV format, for the moment
[2023-06-18T17:35:19.704+0000] {data_ingestion_kaggle_zip_bq.py:29} ERROR - Can only accept source files in CSV format, for the moment
[2023-06-18T17:35:19.705+0000] {data_ingestion_kaggle_zip_bq.py:29} ERROR - Can only accept source files in CSV format, for the moment
[2023-06-18T17:35:19.706+0000] {data_ingestion_kaggle_zip_bq.py:29} ERROR - Can only accept source files in CSV format, for the moment
[2023-06-18T17:35:19.707+0000] {data_ingestion_kaggle_zip_bq.py:29} ERROR - Can only accept source files in CSV format, for the moment
[2023-06-18T17:35:19.708+0000] {data_ingestion_kaggle_zip_bq.py:29} ERROR - Can only accept source files in CSV format, for the moment
[2023-06-18T17:35:19.709+0000] {data_ingestion_kaggle_zip_bq.py:29} ERROR - Can only accept source files in CSV format, for the moment
[2023-06-18T17:35:19.709+0000] {data_ingestion_kaggle_zip_bq.py:29} ERROR - Can only accept source files in CSV format, for the moment
[2023-06-18T17:35:19.710+0000] {data_ingestion_kaggle_zip_bq.py:29} ERROR - Can only accept source files in CSV format, for the moment
[2023-06-18T17:35:19.711+0000] {data_ingestion_kaggle_zip_bq.py:29} ERROR - Can only accept source files in CSV format, for the moment
[2023-06-18T17:35:19.712+0000] {data_ingestion_kaggle_zip_bq.py:29} ERROR - Can only accept source files in CSV format, for the moment
[2023-06-18T17:35:19.713+0000] {data_ingestion_kaggle_zip_bq.py:29} ERROR - Can only accept source files in CSV format, for the moment
[2023-06-18T17:35:19.714+0000] {data_ingestion_kaggle_zip_bq.py:29} ERROR - Can only accept source files in CSV format, for the moment
[2023-06-18T17:35:19.715+0000] {python.py:177} INFO - Done. Returned value was: None
[2023-06-18T17:35:19.734+0000] {taskinstance.py:1326} INFO - Marking task as SUCCESS. dag_id=data_ingestion_kaggle_zip_bq, task_id=format_to_parquet_task, execution_date=20230618T173454, start_date=20230618T173518, end_date=20230618T173519
[2023-06-18T17:35:19.797+0000] {local_task_job.py:212} INFO - Task exited with return code 0
[2023-06-18T17:35:19.846+0000] {taskinstance.py:2585} INFO - 1 downstream tasks scheduled from follow-on schedule check
