[2023-06-18T17:35:13.207+0000] {taskinstance.py:1084} INFO - Dependencies all met for dep_context=non-requeueable deps ti=<TaskInstance: data_ingestion_kaggle_zip_bq.download_dataset_task manual__2023-06-18T17:34:54.257561+00:00 [queued]>
[2023-06-18T17:35:13.225+0000] {taskinstance.py:1084} INFO - Dependencies all met for dep_context=requeueable deps ti=<TaskInstance: data_ingestion_kaggle_zip_bq.download_dataset_task manual__2023-06-18T17:34:54.257561+00:00 [queued]>
[2023-06-18T17:35:13.226+0000] {taskinstance.py:1282} INFO - 
--------------------------------------------------------------------------------
[2023-06-18T17:35:13.227+0000] {taskinstance.py:1283} INFO - Starting attempt 1 of 2
[2023-06-18T17:35:13.228+0000] {taskinstance.py:1284} INFO - 
--------------------------------------------------------------------------------
[2023-06-18T17:35:13.258+0000] {taskinstance.py:1303} INFO - Executing <Task(BashOperator): download_dataset_task> on 2023-06-18 17:34:54.257561+00:00
[2023-06-18T17:35:13.282+0000] {standard_task_runner.py:55} INFO - Started process 10481 to run task
[2023-06-18T17:35:13.286+0000] {standard_task_runner.py:82} INFO - Running: ['***', 'tasks', 'run', 'data_ingestion_kaggle_zip_bq', 'download_dataset_task', 'manual__2023-06-18T17:34:54.257561+00:00', '--job-id', '56', '--raw', '--subdir', 'DAGS_FOLDER/data_ingestion_kaggle_zip_bq.py', '--cfg-path', '/tmp/tmpci6lqjko']
[2023-06-18T17:35:13.289+0000] {standard_task_runner.py:83} INFO - Job 56: Subtask download_dataset_task
[2023-06-18T17:35:13.431+0000] {task_command.py:388} INFO - Running <TaskInstance: data_ingestion_kaggle_zip_bq.download_dataset_task manual__2023-06-18T17:34:54.257561+00:00 [running]> on host d0aad92f0cfd
[2023-06-18T17:35:13.552+0000] {taskinstance.py:1511} INFO - Exporting the following env vars:
AIRFLOW_CTX_DAG_OWNER=***
AIRFLOW_CTX_DAG_ID=data_ingestion_kaggle_zip_bq
AIRFLOW_CTX_TASK_ID=download_dataset_task
AIRFLOW_CTX_EXECUTION_DATE=2023-06-18T17:34:54.257561+00:00
AIRFLOW_CTX_TRY_NUMBER=1
AIRFLOW_CTX_DAG_RUN_ID=manual__2023-06-18T17:34:54.257561+00:00
[2023-06-18T17:35:13.556+0000] {subprocess.py:63} INFO - Tmp dir root location: 
 /tmp
[2023-06-18T17:35:13.569+0000] {subprocess.py:75} INFO - Running command: ['/bin/bash', '-c', '\n        cd /opt/*** &&\n        if [ ! -d nifty50-stock-market-data ]; then\n            mkdir nifty50-stock-market-data &&\n            cd nifty50-stock-market-data &&\n            kaggle datasets download -d rohanrao/nifty50-stock-market-data &&\n            unzip nifty50-stock-market-data.zip && echo "Task succeeded" || echo "Task failed" && \n            rm nifty50-stock-market-data.zip &&\n            ls\n        else\n            cd nifty50-stock-market-data &&\n            ls\n        fi\n        ']
[2023-06-18T17:35:13.608+0000] {subprocess.py:86} INFO - Output:
[2023-06-18T17:35:13.705+0000] {subprocess.py:93} INFO - ADANIPORTS.parquet
[2023-06-18T17:35:13.706+0000] {subprocess.py:93} INFO - ASIANPAINT.parquet
[2023-06-18T17:35:13.708+0000] {subprocess.py:93} INFO - AXISBANK.parquet
[2023-06-18T17:35:13.709+0000] {subprocess.py:93} INFO - BAJAJ-AUTO.parquet
[2023-06-18T17:35:13.710+0000] {subprocess.py:93} INFO - BAJAJFINSV.parquet
[2023-06-18T17:35:13.711+0000] {subprocess.py:93} INFO - BAJFINANCE.parquet
[2023-06-18T17:35:13.712+0000] {subprocess.py:93} INFO - BHARTIARTL.parquet
[2023-06-18T17:35:13.712+0000] {subprocess.py:93} INFO - BPCL.parquet
[2023-06-18T17:35:13.713+0000] {subprocess.py:93} INFO - BRITANNIA.parquet
[2023-06-18T17:35:13.714+0000] {subprocess.py:93} INFO - CIPLA.parquet
[2023-06-18T17:35:13.715+0000] {subprocess.py:93} INFO - COALINDIA.parquet
[2023-06-18T17:35:13.716+0000] {subprocess.py:93} INFO - DRREDDY.parquet
[2023-06-18T17:35:13.717+0000] {subprocess.py:93} INFO - EICHERMOT.parquet
[2023-06-18T17:35:13.718+0000] {subprocess.py:93} INFO - GAIL.parquet
[2023-06-18T17:35:13.718+0000] {subprocess.py:93} INFO - GRASIM.parquet
[2023-06-18T17:35:13.719+0000] {subprocess.py:93} INFO - HCLTECH.parquet
[2023-06-18T17:35:13.720+0000] {subprocess.py:93} INFO - HDFC.parquet
[2023-06-18T17:35:13.728+0000] {subprocess.py:93} INFO - HDFCBANK.parquet
[2023-06-18T17:35:13.731+0000] {subprocess.py:93} INFO - HEROMOTOCO.parquet
[2023-06-18T17:35:13.733+0000] {subprocess.py:93} INFO - HINDALCO.parquet
[2023-06-18T17:35:13.735+0000] {subprocess.py:93} INFO - HINDUNILVR.parquet
[2023-06-18T17:35:13.740+0000] {subprocess.py:93} INFO - ICICIBANK.parquet
[2023-06-18T17:35:13.742+0000] {subprocess.py:93} INFO - INDUSINDBK.parquet
[2023-06-18T17:35:13.743+0000] {subprocess.py:93} INFO - INFRATEL.parquet
[2023-06-18T17:35:13.744+0000] {subprocess.py:93} INFO - INFY.parquet
[2023-06-18T17:35:13.746+0000] {subprocess.py:93} INFO - IOC.parquet
[2023-06-18T17:35:13.747+0000] {subprocess.py:93} INFO - ITC.parquet
[2023-06-18T17:35:13.748+0000] {subprocess.py:93} INFO - JSWSTEEL.parquet
[2023-06-18T17:35:13.749+0000] {subprocess.py:93} INFO - KOTAKBANK.parquet
[2023-06-18T17:35:13.750+0000] {subprocess.py:93} INFO - LT.parquet
[2023-06-18T17:35:13.751+0000] {subprocess.py:93} INFO - MARUTI.parquet
[2023-06-18T17:35:13.752+0000] {subprocess.py:93} INFO - MM.parquet
[2023-06-18T17:35:13.752+0000] {subprocess.py:93} INFO - NESTLEIND.parquet
[2023-06-18T17:35:13.753+0000] {subprocess.py:93} INFO - NIFTY50_all.parquet
[2023-06-18T17:35:13.754+0000] {subprocess.py:93} INFO - NTPC.parquet
[2023-06-18T17:35:13.755+0000] {subprocess.py:93} INFO - ONGC.parquet
[2023-06-18T17:35:13.756+0000] {subprocess.py:93} INFO - POWERGRID.parquet
[2023-06-18T17:35:13.757+0000] {subprocess.py:93} INFO - RELIANCE.parquet
[2023-06-18T17:35:13.758+0000] {subprocess.py:93} INFO - SBIN.parquet
[2023-06-18T17:35:13.759+0000] {subprocess.py:93} INFO - SHREECEM.parquet
[2023-06-18T17:35:13.760+0000] {subprocess.py:93} INFO - SUNPHARMA.parquet
[2023-06-18T17:35:13.760+0000] {subprocess.py:93} INFO - TATAMOTORS.parquet
[2023-06-18T17:35:13.761+0000] {subprocess.py:93} INFO - TATASTEEL.parquet
[2023-06-18T17:35:13.762+0000] {subprocess.py:93} INFO - TCS.parquet
[2023-06-18T17:35:13.762+0000] {subprocess.py:93} INFO - TECHM.parquet
[2023-06-18T17:35:13.763+0000] {subprocess.py:93} INFO - TITAN.parquet
[2023-06-18T17:35:13.764+0000] {subprocess.py:93} INFO - ULTRACEMCO.parquet
[2023-06-18T17:35:13.765+0000] {subprocess.py:93} INFO - UPL.parquet
[2023-06-18T17:35:13.765+0000] {subprocess.py:93} INFO - VEDL.parquet
[2023-06-18T17:35:13.766+0000] {subprocess.py:93} INFO - WIPRO.parquet
[2023-06-18T17:35:13.767+0000] {subprocess.py:93} INFO - ZEEL.parquet
[2023-06-18T17:35:13.768+0000] {subprocess.py:93} INFO - stock_metadata.parquet
[2023-06-18T17:35:13.769+0000] {subprocess.py:97} INFO - Command exited with return code 0
[2023-06-18T17:35:13.816+0000] {taskinstance.py:1326} INFO - Marking task as SUCCESS. dag_id=data_ingestion_kaggle_zip_bq, task_id=download_dataset_task, execution_date=20230618T173454, start_date=20230618T173513, end_date=20230618T173513
[2023-06-18T17:35:13.863+0000] {local_task_job.py:212} INFO - Task exited with return code 0
[2023-06-18T17:35:13.973+0000] {taskinstance.py:2585} INFO - 1 downstream tasks scheduled from follow-on schedule check
