[2023-06-18T17:47:41.747+0000] {taskinstance.py:1084} INFO - Dependencies all met for dep_context=non-requeueable deps ti=<TaskInstance: data_ingestion_kaggle_zip_bq.local_to_gcs_task manual__2023-06-18T17:46:54.535105+00:00 [queued]>
[2023-06-18T17:47:41.792+0000] {taskinstance.py:1084} INFO - Dependencies all met for dep_context=requeueable deps ti=<TaskInstance: data_ingestion_kaggle_zip_bq.local_to_gcs_task manual__2023-06-18T17:46:54.535105+00:00 [queued]>
[2023-06-18T17:47:41.794+0000] {taskinstance.py:1282} INFO - 
--------------------------------------------------------------------------------
[2023-06-18T17:47:41.795+0000] {taskinstance.py:1283} INFO - Starting attempt 1 of 2
[2023-06-18T17:47:41.804+0000] {taskinstance.py:1284} INFO - 
--------------------------------------------------------------------------------
[2023-06-18T17:47:41.834+0000] {taskinstance.py:1303} INFO - Executing <Task(PythonOperator): local_to_gcs_task> on 2023-06-18 17:46:54.535105+00:00
[2023-06-18T17:47:41.852+0000] {standard_task_runner.py:55} INFO - Started process 11168 to run task
[2023-06-18T17:47:41.856+0000] {standard_task_runner.py:82} INFO - Running: ['***', 'tasks', 'run', 'data_ingestion_kaggle_zip_bq', 'local_to_gcs_task', 'manual__2023-06-18T17:46:54.535105+00:00', '--job-id', '63', '--raw', '--subdir', 'DAGS_FOLDER/data_ingestion_kaggle_zip_bq.py', '--cfg-path', '/tmp/tmpe9avitwi']
[2023-06-18T17:47:41.860+0000] {standard_task_runner.py:83} INFO - Job 63: Subtask local_to_gcs_task
[2023-06-18T17:47:41.976+0000] {task_command.py:388} INFO - Running <TaskInstance: data_ingestion_kaggle_zip_bq.local_to_gcs_task manual__2023-06-18T17:46:54.535105+00:00 [running]> on host d0aad92f0cfd
[2023-06-18T17:47:42.116+0000] {taskinstance.py:1511} INFO - Exporting the following env vars:
AIRFLOW_CTX_DAG_OWNER=***
AIRFLOW_CTX_DAG_ID=data_ingestion_kaggle_zip_bq
AIRFLOW_CTX_TASK_ID=local_to_gcs_task
AIRFLOW_CTX_EXECUTION_DATE=2023-06-18T17:46:54.535105+00:00
AIRFLOW_CTX_TRY_NUMBER=1
AIRFLOW_CTX_DAG_RUN_ID=manual__2023-06-18T17:46:54.535105+00:00
[2023-06-18T17:51:08.606+0000] {python.py:177} INFO - Done. Returned value was: None
[2023-06-18T17:51:09.367+0000] {taskinstance.py:1326} INFO - Marking task as SUCCESS. dag_id=data_ingestion_kaggle_zip_bq, task_id=local_to_gcs_task, execution_date=20230618T174654, start_date=20230618T174741, end_date=20230618T175109
[2023-06-18T17:51:09.881+0000] {local_task_job.py:212} INFO - Task exited with return code 0
[2023-06-18T17:51:10.372+0000] {taskinstance.py:2585} INFO - 1 downstream tasks scheduled from follow-on schedule check
