[2023-06-18T15:04:42.698+0000] {taskinstance.py:1084} INFO - Dependencies all met for dep_context=non-requeueable deps ti=<TaskInstance: data_ingestion_gcs_dag.local_to_gcs_task manual__2023-06-18T14:59:26.805968+00:00 [queued]>
[2023-06-18T15:04:42.717+0000] {taskinstance.py:1084} INFO - Dependencies all met for dep_context=requeueable deps ti=<TaskInstance: data_ingestion_gcs_dag.local_to_gcs_task manual__2023-06-18T14:59:26.805968+00:00 [queued]>
[2023-06-18T15:04:42.719+0000] {taskinstance.py:1282} INFO - 
--------------------------------------------------------------------------------
[2023-06-18T15:04:42.720+0000] {taskinstance.py:1283} INFO - Starting attempt 1 of 2
[2023-06-18T15:04:42.721+0000] {taskinstance.py:1284} INFO - 
--------------------------------------------------------------------------------
[2023-06-18T15:04:42.749+0000] {taskinstance.py:1303} INFO - Executing <Task(PythonOperator): local_to_gcs_task> on 2023-06-18 14:59:26.805968+00:00
[2023-06-18T15:04:42.761+0000] {standard_task_runner.py:55} INFO - Started process 2234 to run task
[2023-06-18T15:04:42.766+0000] {standard_task_runner.py:82} INFO - Running: ['***', 'tasks', 'run', 'data_ingestion_gcs_dag', 'local_to_gcs_task', 'manual__2023-06-18T14:59:26.805968+00:00', '--job-id', '15', '--raw', '--subdir', 'DAGS_FOLDER/data_ingestion_kaggle_zip.py', '--cfg-path', '/tmp/tmp1jthzkrv']
[2023-06-18T15:04:42.768+0000] {standard_task_runner.py:83} INFO - Job 15: Subtask local_to_gcs_task
[2023-06-18T15:04:42.876+0000] {task_command.py:388} INFO - Running <TaskInstance: data_ingestion_gcs_dag.local_to_gcs_task manual__2023-06-18T14:59:26.805968+00:00 [running]> on host d0aad92f0cfd
[2023-06-18T15:04:42.974+0000] {taskinstance.py:1511} INFO - Exporting the following env vars:
AIRFLOW_CTX_DAG_OWNER=***
AIRFLOW_CTX_DAG_ID=data_ingestion_gcs_dag
AIRFLOW_CTX_TASK_ID=local_to_gcs_task
AIRFLOW_CTX_EXECUTION_DATE=2023-06-18T14:59:26.805968+00:00
AIRFLOW_CTX_TRY_NUMBER=1
AIRFLOW_CTX_DAG_RUN_ID=manual__2023-06-18T14:59:26.805968+00:00
[2023-06-18T15:05:34.395+0000] {python.py:177} INFO - Done. Returned value was: None
[2023-06-18T15:05:34.858+0000] {taskinstance.py:1326} INFO - Marking task as SUCCESS. dag_id=data_ingestion_gcs_dag, task_id=local_to_gcs_task, execution_date=20230618T145926, start_date=20230618T150442, end_date=20230618T150534
[2023-06-18T15:05:35.072+0000] {local_task_job.py:212} INFO - Task exited with return code 0
[2023-06-18T15:05:35.699+0000] {taskinstance.py:2585} INFO - 0 downstream tasks scheduled from follow-on schedule check
