[2023-06-18T17:11:20.100+0000] {taskinstance.py:1084} INFO - Dependencies all met for dep_context=non-requeueable deps ti=<TaskInstance: data_ingestion_kaggle_zip_bq.format_to_parquet_task manual__2023-06-18T17:11:02.783747+00:00 [queued]>
[2023-06-18T17:11:20.119+0000] {taskinstance.py:1084} INFO - Dependencies all met for dep_context=requeueable deps ti=<TaskInstance: data_ingestion_kaggle_zip_bq.format_to_parquet_task manual__2023-06-18T17:11:02.783747+00:00 [queued]>
[2023-06-18T17:11:20.120+0000] {taskinstance.py:1282} INFO - 
--------------------------------------------------------------------------------
[2023-06-18T17:11:20.122+0000] {taskinstance.py:1283} INFO - Starting attempt 1 of 2
[2023-06-18T17:11:20.122+0000] {taskinstance.py:1284} INFO - 
--------------------------------------------------------------------------------
[2023-06-18T17:11:20.151+0000] {taskinstance.py:1303} INFO - Executing <Task(PythonOperator): format_to_parquet_task> on 2023-06-18 17:11:02.783747+00:00
[2023-06-18T17:11:20.168+0000] {standard_task_runner.py:55} INFO - Started process 9235 to run task
[2023-06-18T17:11:20.172+0000] {standard_task_runner.py:82} INFO - Running: ['***', 'tasks', 'run', 'data_ingestion_kaggle_zip_bq', 'format_to_parquet_task', 'manual__2023-06-18T17:11:02.783747+00:00', '--job-id', '48', '--raw', '--subdir', 'DAGS_FOLDER/data_ingestion_kaggle_zip_bq.py', '--cfg-path', '/tmp/tmpajezn2_4']
[2023-06-18T17:11:20.175+0000] {standard_task_runner.py:83} INFO - Job 48: Subtask format_to_parquet_task
[2023-06-18T17:11:20.273+0000] {task_command.py:388} INFO - Running <TaskInstance: data_ingestion_kaggle_zip_bq.format_to_parquet_task manual__2023-06-18T17:11:02.783747+00:00 [running]> on host d0aad92f0cfd
[2023-06-18T17:11:20.450+0000] {taskinstance.py:1511} INFO - Exporting the following env vars:
AIRFLOW_CTX_DAG_OWNER=***
AIRFLOW_CTX_DAG_ID=data_ingestion_kaggle_zip_bq
AIRFLOW_CTX_TASK_ID=format_to_parquet_task
AIRFLOW_CTX_EXECUTION_DATE=2023-06-18T17:11:02.783747+00:00
AIRFLOW_CTX_TRY_NUMBER=1
AIRFLOW_CTX_DAG_RUN_ID=manual__2023-06-18T17:11:02.783747+00:00
[2023-06-18T17:11:20.453+0000] {data_ingestion_kaggle_zip_bq.py:29} ERROR - Can only accept source files in CSV format, for the moment
[2023-06-18T17:11:20.454+0000] {data_ingestion_kaggle_zip_bq.py:29} ERROR - Can only accept source files in CSV format, for the moment
[2023-06-18T17:11:20.455+0000] {data_ingestion_kaggle_zip_bq.py:29} ERROR - Can only accept source files in CSV format, for the moment
[2023-06-18T17:11:20.456+0000] {data_ingestion_kaggle_zip_bq.py:29} ERROR - Can only accept source files in CSV format, for the moment
[2023-06-18T17:11:20.457+0000] {data_ingestion_kaggle_zip_bq.py:29} ERROR - Can only accept source files in CSV format, for the moment
[2023-06-18T17:11:20.457+0000] {data_ingestion_kaggle_zip_bq.py:29} ERROR - Can only accept source files in CSV format, for the moment
[2023-06-18T17:11:20.458+0000] {python.py:177} INFO - Done. Returned value was: None
[2023-06-18T17:11:20.491+0000] {taskinstance.py:1326} INFO - Marking task as SUCCESS. dag_id=data_ingestion_kaggle_zip_bq, task_id=format_to_parquet_task, execution_date=20230618T171102, start_date=20230618T171120, end_date=20230618T171120
[2023-06-18T17:11:20.569+0000] {local_task_job.py:212} INFO - Task exited with return code 0
[2023-06-18T17:11:20.641+0000] {taskinstance.py:2585} INFO - 0 downstream tasks scheduled from follow-on schedule check
