[2023-06-18T15:30:23.324+0000] {taskinstance.py:1084} INFO - Dependencies all met for dep_context=non-requeueable deps ti=<TaskInstance: data_ingestion_gcs_dag.download_dataset_task manual__2023-06-18T15:30:19.707418+00:00 [queued]>
[2023-06-18T15:30:23.340+0000] {taskinstance.py:1084} INFO - Dependencies all met for dep_context=requeueable deps ti=<TaskInstance: data_ingestion_gcs_dag.download_dataset_task manual__2023-06-18T15:30:19.707418+00:00 [queued]>
[2023-06-18T15:30:23.341+0000] {taskinstance.py:1282} INFO - 
--------------------------------------------------------------------------------
[2023-06-18T15:30:23.343+0000] {taskinstance.py:1283} INFO - Starting attempt 1 of 2
[2023-06-18T15:30:23.344+0000] {taskinstance.py:1284} INFO - 
--------------------------------------------------------------------------------
[2023-06-18T15:30:23.373+0000] {taskinstance.py:1303} INFO - Executing <Task(BashOperator): download_dataset_task> on 2023-06-18 15:30:19.707418+00:00
[2023-06-18T15:30:23.387+0000] {standard_task_runner.py:55} INFO - Started process 3609 to run task
[2023-06-18T15:30:23.391+0000] {standard_task_runner.py:82} INFO - Running: ['***', 'tasks', 'run', 'data_ingestion_gcs_dag', 'download_dataset_task', 'manual__2023-06-18T15:30:19.707418+00:00', '--job-id', '23', '--raw', '--subdir', 'DAGS_FOLDER/data_ingestion_kaggle_zip.py', '--cfg-path', '/tmp/tmp7pq99usi']
[2023-06-18T15:30:23.395+0000] {standard_task_runner.py:83} INFO - Job 23: Subtask download_dataset_task
[2023-06-18T15:30:23.511+0000] {task_command.py:388} INFO - Running <TaskInstance: data_ingestion_gcs_dag.download_dataset_task manual__2023-06-18T15:30:19.707418+00:00 [running]> on host d0aad92f0cfd
[2023-06-18T15:30:23.644+0000] {taskinstance.py:1511} INFO - Exporting the following env vars:
AIRFLOW_CTX_DAG_OWNER=***
AIRFLOW_CTX_DAG_ID=data_ingestion_gcs_dag
AIRFLOW_CTX_TASK_ID=download_dataset_task
AIRFLOW_CTX_EXECUTION_DATE=2023-06-18T15:30:19.707418+00:00
AIRFLOW_CTX_TRY_NUMBER=1
AIRFLOW_CTX_DAG_RUN_ID=manual__2023-06-18T15:30:19.707418+00:00
[2023-06-18T15:30:23.647+0000] {subprocess.py:63} INFO - Tmp dir root location: 
 /tmp
[2023-06-18T15:30:23.666+0000] {subprocess.py:75} INFO - Running command: ['/bin/bash', '-c', '\n        cd /opt/*** &&\n        if [ ! -d corona-virus-report ]; then\n            mkdir corona-virus-report &&\n            cd corona-virus-report &&\n            kaggle datasets download -d imdevskp/corona-virus-report &&\n            unzip corona-virus-report.zip && echo "Task succeeded" || echo "Task failed" && \n            rm corona-virus-report.zip &&\n            ls\n        else\n            cd corona-virus-report &&\n            ls\n        fi\n        ']
[2023-06-18T15:30:23.736+0000] {subprocess.py:86} INFO - Output:
[2023-06-18T15:30:23.782+0000] {subprocess.py:93} INFO - country_wise_latest.parquet
[2023-06-18T15:30:23.783+0000] {subprocess.py:93} INFO - covid_19_clean_complete.parquet
[2023-06-18T15:30:23.784+0000] {subprocess.py:93} INFO - day_wise.parquet
[2023-06-18T15:30:23.785+0000] {subprocess.py:93} INFO - full_grouped.parquet
[2023-06-18T15:30:23.785+0000] {subprocess.py:93} INFO - usa_county_wise.parquet
[2023-06-18T15:30:23.786+0000] {subprocess.py:93} INFO - worldometer_data.parquet
[2023-06-18T15:30:23.787+0000] {subprocess.py:97} INFO - Command exited with return code 0
[2023-06-18T15:30:23.831+0000] {taskinstance.py:1326} INFO - Marking task as SUCCESS. dag_id=data_ingestion_gcs_dag, task_id=download_dataset_task, execution_date=20230618T153019, start_date=20230618T153023, end_date=20230618T153023
[2023-06-18T15:30:23.886+0000] {local_task_job.py:212} INFO - Task exited with return code 0
[2023-06-18T15:30:23.935+0000] {taskinstance.py:2585} INFO - 1 downstream tasks scheduled from follow-on schedule check
