[2023-06-18T17:47:19.130+0000] {taskinstance.py:1084} INFO - Dependencies all met for dep_context=non-requeueable deps ti=<TaskInstance: data_ingestion_kaggle_zip_bq.download_dataset_task manual__2023-06-18T17:46:54.535105+00:00 [queued]>
[2023-06-18T17:47:19.158+0000] {taskinstance.py:1084} INFO - Dependencies all met for dep_context=requeueable deps ti=<TaskInstance: data_ingestion_kaggle_zip_bq.download_dataset_task manual__2023-06-18T17:46:54.535105+00:00 [queued]>
[2023-06-18T17:47:19.169+0000] {taskinstance.py:1282} INFO - 
--------------------------------------------------------------------------------
[2023-06-18T17:47:19.171+0000] {taskinstance.py:1283} INFO - Starting attempt 1 of 2
[2023-06-18T17:47:19.176+0000] {taskinstance.py:1284} INFO - 
--------------------------------------------------------------------------------
[2023-06-18T17:47:19.253+0000] {taskinstance.py:1303} INFO - Executing <Task(BashOperator): download_dataset_task> on 2023-06-18 17:46:54.535105+00:00
[2023-06-18T17:47:19.882+0000] {standard_task_runner.py:55} INFO - Started process 11144 to run task
[2023-06-18T17:47:19.899+0000] {standard_task_runner.py:82} INFO - Running: ['***', 'tasks', 'run', 'data_ingestion_kaggle_zip_bq', 'download_dataset_task', 'manual__2023-06-18T17:46:54.535105+00:00', '--job-id', '61', '--raw', '--subdir', 'DAGS_FOLDER/data_ingestion_kaggle_zip_bq.py', '--cfg-path', '/tmp/tmp8dsce2mu']
[2023-06-18T17:47:19.911+0000] {standard_task_runner.py:83} INFO - Job 61: Subtask download_dataset_task
[2023-06-18T17:47:20.268+0000] {task_command.py:388} INFO - Running <TaskInstance: data_ingestion_kaggle_zip_bq.download_dataset_task manual__2023-06-18T17:46:54.535105+00:00 [running]> on host d0aad92f0cfd
[2023-06-18T17:47:20.611+0000] {taskinstance.py:1511} INFO - Exporting the following env vars:
AIRFLOW_CTX_DAG_OWNER=***
AIRFLOW_CTX_DAG_ID=data_ingestion_kaggle_zip_bq
AIRFLOW_CTX_TASK_ID=download_dataset_task
AIRFLOW_CTX_EXECUTION_DATE=2023-06-18T17:46:54.535105+00:00
AIRFLOW_CTX_TRY_NUMBER=1
AIRFLOW_CTX_DAG_RUN_ID=manual__2023-06-18T17:46:54.535105+00:00
[2023-06-18T17:47:20.642+0000] {subprocess.py:63} INFO - Tmp dir root location: 
 /tmp
[2023-06-18T17:47:20.682+0000] {subprocess.py:75} INFO - Running command: ['/bin/bash', '-c', '\n        cd /opt/*** &&\n        if [ ! -d nifty50-stock-market-data ]; then\n            mkdir nifty50-stock-market-data &&\n            cd nifty50-stock-market-data &&\n            kaggle datasets download -d rohanrao/nifty50-stock-market-data &&\n            unzip nifty50-stock-market-data.zip && echo "Task succeeded" || echo "Task failed" && \n            rm nifty50-stock-market-data.zip &&\n            ls\n        else\n            cd nifty50-stock-market-data &&\n            ls\n        fi\n        ']
[2023-06-18T17:47:20.754+0000] {subprocess.py:86} INFO - Output:
[2023-06-18T17:47:20.880+0000] {subprocess.py:93} INFO - ADANIPORTS.parquet
[2023-06-18T17:47:20.881+0000] {subprocess.py:93} INFO - ASIANPAINT.parquet
[2023-06-18T17:47:20.882+0000] {subprocess.py:93} INFO - AXISBANK.parquet
[2023-06-18T17:47:20.883+0000] {subprocess.py:93} INFO - BAJAJ-AUTO.parquet
[2023-06-18T17:47:20.885+0000] {subprocess.py:93} INFO - BAJAJFINSV.parquet
[2023-06-18T17:47:20.887+0000] {subprocess.py:93} INFO - BAJFINANCE.parquet
[2023-06-18T17:47:20.888+0000] {subprocess.py:93} INFO - BHARTIARTL.parquet
[2023-06-18T17:47:20.889+0000] {subprocess.py:93} INFO - BPCL.parquet
[2023-06-18T17:47:20.890+0000] {subprocess.py:93} INFO - BRITANNIA.parquet
[2023-06-18T17:47:20.891+0000] {subprocess.py:93} INFO - CIPLA.parquet
[2023-06-18T17:47:20.893+0000] {subprocess.py:93} INFO - COALINDIA.parquet
[2023-06-18T17:47:20.894+0000] {subprocess.py:93} INFO - DRREDDY.parquet
[2023-06-18T17:47:20.895+0000] {subprocess.py:93} INFO - EICHERMOT.parquet
[2023-06-18T17:47:20.896+0000] {subprocess.py:93} INFO - GAIL.parquet
[2023-06-18T17:47:20.897+0000] {subprocess.py:93} INFO - GRASIM.parquet
[2023-06-18T17:47:20.898+0000] {subprocess.py:93} INFO - HCLTECH.parquet
[2023-06-18T17:47:20.899+0000] {subprocess.py:93} INFO - HDFC.parquet
[2023-06-18T17:47:20.900+0000] {subprocess.py:93} INFO - HDFCBANK.parquet
[2023-06-18T17:47:20.901+0000] {subprocess.py:93} INFO - HEROMOTOCO.parquet
[2023-06-18T17:47:20.902+0000] {subprocess.py:93} INFO - HINDALCO.parquet
[2023-06-18T17:47:20.903+0000] {subprocess.py:93} INFO - HINDUNILVR.parquet
[2023-06-18T17:47:20.905+0000] {subprocess.py:93} INFO - ICICIBANK.parquet
[2023-06-18T17:47:20.906+0000] {subprocess.py:93} INFO - INDUSINDBK.parquet
[2023-06-18T17:47:20.908+0000] {subprocess.py:93} INFO - INFRATEL.parquet
[2023-06-18T17:47:20.909+0000] {subprocess.py:93} INFO - INFY.parquet
[2023-06-18T17:47:20.910+0000] {subprocess.py:93} INFO - IOC.parquet
[2023-06-18T17:47:20.912+0000] {subprocess.py:93} INFO - ITC.parquet
[2023-06-18T17:47:20.913+0000] {subprocess.py:93} INFO - JSWSTEEL.parquet
[2023-06-18T17:47:20.914+0000] {subprocess.py:93} INFO - KOTAKBANK.parquet
[2023-06-18T17:47:20.915+0000] {subprocess.py:93} INFO - LT.parquet
[2023-06-18T17:47:20.917+0000] {subprocess.py:93} INFO - MARUTI.parquet
[2023-06-18T17:47:20.918+0000] {subprocess.py:93} INFO - MM.parquet
[2023-06-18T17:47:20.919+0000] {subprocess.py:93} INFO - NESTLEIND.parquet
[2023-06-18T17:47:20.920+0000] {subprocess.py:93} INFO - NIFTY50_all.parquet
[2023-06-18T17:47:20.921+0000] {subprocess.py:93} INFO - NTPC.parquet
[2023-06-18T17:47:20.922+0000] {subprocess.py:93} INFO - ONGC.parquet
[2023-06-18T17:47:20.924+0000] {subprocess.py:93} INFO - POWERGRID.parquet
[2023-06-18T17:47:20.926+0000] {subprocess.py:93} INFO - RELIANCE.parquet
[2023-06-18T17:47:20.928+0000] {subprocess.py:93} INFO - SBIN.parquet
[2023-06-18T17:47:20.929+0000] {subprocess.py:93} INFO - SHREECEM.parquet
[2023-06-18T17:47:20.930+0000] {subprocess.py:93} INFO - SUNPHARMA.parquet
[2023-06-18T17:47:20.933+0000] {subprocess.py:93} INFO - TATAMOTORS.parquet
[2023-06-18T17:47:20.934+0000] {subprocess.py:93} INFO - TATASTEEL.parquet
[2023-06-18T17:47:20.934+0000] {subprocess.py:93} INFO - TCS.parquet
[2023-06-18T17:47:20.936+0000] {subprocess.py:93} INFO - TECHM.parquet
[2023-06-18T17:47:20.938+0000] {subprocess.py:93} INFO - TITAN.parquet
[2023-06-18T17:47:20.939+0000] {subprocess.py:93} INFO - ULTRACEMCO.parquet
[2023-06-18T17:47:20.940+0000] {subprocess.py:93} INFO - UPL.parquet
[2023-06-18T17:47:20.941+0000] {subprocess.py:93} INFO - VEDL.parquet
[2023-06-18T17:47:20.943+0000] {subprocess.py:93} INFO - WIPRO.parquet
[2023-06-18T17:47:20.944+0000] {subprocess.py:93} INFO - ZEEL.parquet
[2023-06-18T17:47:20.945+0000] {subprocess.py:93} INFO - stock_metadata.parquet
[2023-06-18T17:47:20.947+0000] {subprocess.py:97} INFO - Command exited with return code 0
[2023-06-18T17:47:21.061+0000] {taskinstance.py:1326} INFO - Marking task as SUCCESS. dag_id=data_ingestion_kaggle_zip_bq, task_id=download_dataset_task, execution_date=20230618T174654, start_date=20230618T174719, end_date=20230618T174721
[2023-06-18T17:47:21.171+0000] {local_task_job.py:212} INFO - Task exited with return code 0
[2023-06-18T17:47:21.399+0000] {taskinstance.py:2585} INFO - 1 downstream tasks scheduled from follow-on schedule check
