[2023-06-18T17:02:00.263+0000] {taskinstance.py:1084} INFO - Dependencies all met for dep_context=non-requeueable deps ti=<TaskInstance: data_ingestion_kaggle_zip_bq.format_to_parquet_task manual__2023-06-18T16:55:36.332282+00:00 [queued]>
[2023-06-18T17:02:00.332+0000] {taskinstance.py:1084} INFO - Dependencies all met for dep_context=requeueable deps ti=<TaskInstance: data_ingestion_kaggle_zip_bq.format_to_parquet_task manual__2023-06-18T16:55:36.332282+00:00 [queued]>
[2023-06-18T17:02:00.334+0000] {taskinstance.py:1282} INFO - 
--------------------------------------------------------------------------------
[2023-06-18T17:02:00.337+0000] {taskinstance.py:1283} INFO - Starting attempt 1 of 2
[2023-06-18T17:02:00.340+0000] {taskinstance.py:1284} INFO - 
--------------------------------------------------------------------------------
[2023-06-18T17:02:00.372+0000] {taskinstance.py:1303} INFO - Executing <Task(PythonOperator): format_to_parquet_task> on 2023-06-18 16:55:36.332282+00:00
[2023-06-18T17:02:00.396+0000] {standard_task_runner.py:55} INFO - Started process 8689 to run task
[2023-06-18T17:02:00.401+0000] {standard_task_runner.py:82} INFO - Running: ['***', 'tasks', 'run', 'data_ingestion_kaggle_zip_bq', 'format_to_parquet_task', 'manual__2023-06-18T16:55:36.332282+00:00', '--job-id', '39', '--raw', '--subdir', 'DAGS_FOLDER/data_ingestion_kaggle_zip_bq.py', '--cfg-path', '/tmp/tmp1bnf11zh']
[2023-06-18T17:02:00.406+0000] {standard_task_runner.py:83} INFO - Job 39: Subtask format_to_parquet_task
[2023-06-18T17:02:00.647+0000] {task_command.py:388} INFO - Running <TaskInstance: data_ingestion_kaggle_zip_bq.format_to_parquet_task manual__2023-06-18T16:55:36.332282+00:00 [running]> on host d0aad92f0cfd
[2023-06-18T17:02:00.778+0000] {taskinstance.py:1511} INFO - Exporting the following env vars:
AIRFLOW_CTX_DAG_OWNER=***
AIRFLOW_CTX_DAG_ID=data_ingestion_kaggle_zip_bq
AIRFLOW_CTX_TASK_ID=format_to_parquet_task
AIRFLOW_CTX_EXECUTION_DATE=2023-06-18T16:55:36.332282+00:00
AIRFLOW_CTX_TRY_NUMBER=1
AIRFLOW_CTX_DAG_RUN_ID=manual__2023-06-18T16:55:36.332282+00:00
[2023-06-18T17:02:00.781+0000] {data_ingestion_kaggle_zip_bq.py:29} ERROR - Can only accept source files in CSV format, for the moment
[2023-06-18T17:02:00.782+0000] {data_ingestion_kaggle_zip_bq.py:29} ERROR - Can only accept source files in CSV format, for the moment
[2023-06-18T17:02:00.782+0000] {data_ingestion_kaggle_zip_bq.py:29} ERROR - Can only accept source files in CSV format, for the moment
[2023-06-18T17:02:00.783+0000] {data_ingestion_kaggle_zip_bq.py:29} ERROR - Can only accept source files in CSV format, for the moment
[2023-06-18T17:02:00.783+0000] {data_ingestion_kaggle_zip_bq.py:29} ERROR - Can only accept source files in CSV format, for the moment
[2023-06-18T17:02:00.784+0000] {data_ingestion_kaggle_zip_bq.py:29} ERROR - Can only accept source files in CSV format, for the moment
[2023-06-18T17:02:00.785+0000] {python.py:177} INFO - Done. Returned value was: None
[2023-06-18T17:02:00.801+0000] {taskinstance.py:1326} INFO - Marking task as SUCCESS. dag_id=data_ingestion_kaggle_zip_bq, task_id=format_to_parquet_task, execution_date=20230618T165536, start_date=20230618T170200, end_date=20230618T170200
[2023-06-18T17:02:00.861+0000] {local_task_job.py:212} INFO - Task exited with return code 0
[2023-06-18T17:02:00.907+0000] {taskinstance.py:2585} INFO - 1 downstream tasks scheduled from follow-on schedule check
