[2023-06-18T15:46:56.071+0000] {taskinstance.py:1084} INFO - Dependencies all met for dep_context=non-requeueable deps ti=<TaskInstance: data_ingestion_gcs_dag.format_to_parquet_task manual__2023-06-18T15:46:42.243088+00:00 [queued]>
[2023-06-18T15:46:56.098+0000] {taskinstance.py:1084} INFO - Dependencies all met for dep_context=requeueable deps ti=<TaskInstance: data_ingestion_gcs_dag.format_to_parquet_task manual__2023-06-18T15:46:42.243088+00:00 [queued]>
[2023-06-18T15:46:56.100+0000] {taskinstance.py:1282} INFO - 
--------------------------------------------------------------------------------
[2023-06-18T15:46:56.102+0000] {taskinstance.py:1283} INFO - Starting attempt 1 of 2
[2023-06-18T15:46:56.103+0000] {taskinstance.py:1284} INFO - 
--------------------------------------------------------------------------------
[2023-06-18T15:46:56.136+0000] {taskinstance.py:1303} INFO - Executing <Task(PythonOperator): format_to_parquet_task> on 2023-06-18 15:46:42.243088+00:00
[2023-06-18T15:46:56.154+0000] {standard_task_runner.py:55} INFO - Started process 4547 to run task
[2023-06-18T15:46:56.162+0000] {standard_task_runner.py:82} INFO - Running: ['***', 'tasks', 'run', 'data_ingestion_gcs_dag', 'format_to_parquet_task', 'manual__2023-06-18T15:46:42.243088+00:00', '--job-id', '29', '--raw', '--subdir', 'DAGS_FOLDER/data_ingestion_kaggle_zip.py', '--cfg-path', '/tmp/tmpm03c1lnu']
[2023-06-18T15:46:56.168+0000] {standard_task_runner.py:83} INFO - Job 29: Subtask format_to_parquet_task
[2023-06-18T15:46:56.424+0000] {task_command.py:388} INFO - Running <TaskInstance: data_ingestion_gcs_dag.format_to_parquet_task manual__2023-06-18T15:46:42.243088+00:00 [running]> on host d0aad92f0cfd
[2023-06-18T15:46:56.580+0000] {taskinstance.py:1511} INFO - Exporting the following env vars:
AIRFLOW_CTX_DAG_OWNER=***
AIRFLOW_CTX_DAG_ID=data_ingestion_gcs_dag
AIRFLOW_CTX_TASK_ID=format_to_parquet_task
AIRFLOW_CTX_EXECUTION_DATE=2023-06-18T15:46:42.243088+00:00
AIRFLOW_CTX_TRY_NUMBER=1
AIRFLOW_CTX_DAG_RUN_ID=manual__2023-06-18T15:46:42.243088+00:00
[2023-06-18T15:46:56.584+0000] {data_ingestion_kaggle_zip.py:29} ERROR - Can only accept source files in CSV format, for the moment
[2023-06-18T15:46:56.585+0000] {data_ingestion_kaggle_zip.py:29} ERROR - Can only accept source files in CSV format, for the moment
[2023-06-18T15:46:56.585+0000] {data_ingestion_kaggle_zip.py:29} ERROR - Can only accept source files in CSV format, for the moment
[2023-06-18T15:46:56.586+0000] {data_ingestion_kaggle_zip.py:29} ERROR - Can only accept source files in CSV format, for the moment
[2023-06-18T15:46:56.586+0000] {data_ingestion_kaggle_zip.py:29} ERROR - Can only accept source files in CSV format, for the moment
[2023-06-18T15:46:56.587+0000] {data_ingestion_kaggle_zip.py:29} ERROR - Can only accept source files in CSV format, for the moment
[2023-06-18T15:46:56.587+0000] {python.py:177} INFO - Done. Returned value was: None
[2023-06-18T15:46:56.602+0000] {taskinstance.py:1326} INFO - Marking task as SUCCESS. dag_id=data_ingestion_gcs_dag, task_id=format_to_parquet_task, execution_date=20230618T154642, start_date=20230618T154656, end_date=20230618T154656
[2023-06-18T15:46:56.658+0000] {local_task_job.py:212} INFO - Task exited with return code 0
[2023-06-18T15:46:56.707+0000] {taskinstance.py:2585} INFO - 1 downstream tasks scheduled from follow-on schedule check
