[2023-06-18T15:24:08.756+0000] {taskinstance.py:1084} INFO - Dependencies all met for dep_context=non-requeueable deps ti=<TaskInstance: data_ingestion_gcs_dag.local_to_gcs_task manual__2023-06-18T15:23:44.737671+00:00 [queued]>
[2023-06-18T15:24:08.774+0000] {taskinstance.py:1084} INFO - Dependencies all met for dep_context=requeueable deps ti=<TaskInstance: data_ingestion_gcs_dag.local_to_gcs_task manual__2023-06-18T15:23:44.737671+00:00 [queued]>
[2023-06-18T15:24:08.775+0000] {taskinstance.py:1282} INFO - 
--------------------------------------------------------------------------------
[2023-06-18T15:24:08.776+0000] {taskinstance.py:1283} INFO - Starting attempt 1 of 2
[2023-06-18T15:24:08.777+0000] {taskinstance.py:1284} INFO - 
--------------------------------------------------------------------------------
[2023-06-18T15:24:08.820+0000] {taskinstance.py:1303} INFO - Executing <Task(PythonOperator): local_to_gcs_task> on 2023-06-18 15:23:44.737671+00:00
[2023-06-18T15:24:08.832+0000] {standard_task_runner.py:55} INFO - Started process 3256 to run task
[2023-06-18T15:24:08.837+0000] {standard_task_runner.py:82} INFO - Running: ['***', 'tasks', 'run', 'data_ingestion_gcs_dag', 'local_to_gcs_task', 'manual__2023-06-18T15:23:44.737671+00:00', '--job-id', '20', '--raw', '--subdir', 'DAGS_FOLDER/data_ingestion_kaggle_zip.py', '--cfg-path', '/tmp/tmph3rq8c2a']
[2023-06-18T15:24:08.839+0000] {standard_task_runner.py:83} INFO - Job 20: Subtask local_to_gcs_task
[2023-06-18T15:24:08.928+0000] {task_command.py:388} INFO - Running <TaskInstance: data_ingestion_gcs_dag.local_to_gcs_task manual__2023-06-18T15:23:44.737671+00:00 [running]> on host d0aad92f0cfd
[2023-06-18T15:24:09.035+0000] {taskinstance.py:1511} INFO - Exporting the following env vars:
AIRFLOW_CTX_DAG_OWNER=***
AIRFLOW_CTX_DAG_ID=data_ingestion_gcs_dag
AIRFLOW_CTX_TASK_ID=local_to_gcs_task
AIRFLOW_CTX_EXECUTION_DATE=2023-06-18T15:23:44.737671+00:00
AIRFLOW_CTX_TRY_NUMBER=1
AIRFLOW_CTX_DAG_RUN_ID=manual__2023-06-18T15:23:44.737671+00:00
[2023-06-18T15:24:53.721+0000] {python.py:177} INFO - Done. Returned value was: None
[2023-06-18T15:24:53.831+0000] {taskinstance.py:1326} INFO - Marking task as SUCCESS. dag_id=data_ingestion_gcs_dag, task_id=local_to_gcs_task, execution_date=20230618T152344, start_date=20230618T152408, end_date=20230618T152453
[2023-06-18T15:24:53.972+0000] {local_task_job.py:212} INFO - Task exited with return code 0
[2023-06-18T15:24:54.030+0000] {taskinstance.py:2585} INFO - 0 downstream tasks scheduled from follow-on schedule check
