[2023-06-18T17:47:37.085+0000] {taskinstance.py:1084} INFO - Dependencies all met for dep_context=non-requeueable deps ti=<TaskInstance: data_ingestion_kaggle_zip_bq.format_to_parquet_task manual__2023-06-18T17:46:54.535105+00:00 [queued]>
[2023-06-18T17:47:37.110+0000] {taskinstance.py:1084} INFO - Dependencies all met for dep_context=requeueable deps ti=<TaskInstance: data_ingestion_kaggle_zip_bq.format_to_parquet_task manual__2023-06-18T17:46:54.535105+00:00 [queued]>
[2023-06-18T17:47:37.111+0000] {taskinstance.py:1282} INFO - 
--------------------------------------------------------------------------------
[2023-06-18T17:47:37.112+0000] {taskinstance.py:1283} INFO - Starting attempt 1 of 2
[2023-06-18T17:47:37.113+0000] {taskinstance.py:1284} INFO - 
--------------------------------------------------------------------------------
[2023-06-18T17:47:37.137+0000] {taskinstance.py:1303} INFO - Executing <Task(PythonOperator): format_to_parquet_task> on 2023-06-18 17:46:54.535105+00:00
[2023-06-18T17:47:37.148+0000] {standard_task_runner.py:55} INFO - Started process 11163 to run task
[2023-06-18T17:47:37.153+0000] {standard_task_runner.py:82} INFO - Running: ['***', 'tasks', 'run', 'data_ingestion_kaggle_zip_bq', 'format_to_parquet_task', 'manual__2023-06-18T17:46:54.535105+00:00', '--job-id', '62', '--raw', '--subdir', 'DAGS_FOLDER/data_ingestion_kaggle_zip_bq.py', '--cfg-path', '/tmp/tmpb4z47_ff']
[2023-06-18T17:47:37.156+0000] {standard_task_runner.py:83} INFO - Job 62: Subtask format_to_parquet_task
[2023-06-18T17:47:37.253+0000] {task_command.py:388} INFO - Running <TaskInstance: data_ingestion_kaggle_zip_bq.format_to_parquet_task manual__2023-06-18T17:46:54.535105+00:00 [running]> on host d0aad92f0cfd
[2023-06-18T17:47:37.403+0000] {taskinstance.py:1511} INFO - Exporting the following env vars:
AIRFLOW_CTX_DAG_OWNER=***
AIRFLOW_CTX_DAG_ID=data_ingestion_kaggle_zip_bq
AIRFLOW_CTX_TASK_ID=format_to_parquet_task
AIRFLOW_CTX_EXECUTION_DATE=2023-06-18T17:46:54.535105+00:00
AIRFLOW_CTX_TRY_NUMBER=1
AIRFLOW_CTX_DAG_RUN_ID=manual__2023-06-18T17:46:54.535105+00:00
[2023-06-18T17:47:37.406+0000] {data_ingestion_kaggle_zip_bq.py:29} ERROR - Can only accept source files in CSV format, for the moment
[2023-06-18T17:47:37.407+0000] {data_ingestion_kaggle_zip_bq.py:29} ERROR - Can only accept source files in CSV format, for the moment
[2023-06-18T17:47:37.407+0000] {data_ingestion_kaggle_zip_bq.py:29} ERROR - Can only accept source files in CSV format, for the moment
[2023-06-18T17:47:37.408+0000] {data_ingestion_kaggle_zip_bq.py:29} ERROR - Can only accept source files in CSV format, for the moment
[2023-06-18T17:47:37.409+0000] {data_ingestion_kaggle_zip_bq.py:29} ERROR - Can only accept source files in CSV format, for the moment
[2023-06-18T17:47:37.410+0000] {data_ingestion_kaggle_zip_bq.py:29} ERROR - Can only accept source files in CSV format, for the moment
[2023-06-18T17:47:37.411+0000] {data_ingestion_kaggle_zip_bq.py:29} ERROR - Can only accept source files in CSV format, for the moment
[2023-06-18T17:47:37.412+0000] {data_ingestion_kaggle_zip_bq.py:29} ERROR - Can only accept source files in CSV format, for the moment
[2023-06-18T17:47:37.413+0000] {data_ingestion_kaggle_zip_bq.py:29} ERROR - Can only accept source files in CSV format, for the moment
[2023-06-18T17:47:37.414+0000] {data_ingestion_kaggle_zip_bq.py:29} ERROR - Can only accept source files in CSV format, for the moment
[2023-06-18T17:47:37.414+0000] {data_ingestion_kaggle_zip_bq.py:29} ERROR - Can only accept source files in CSV format, for the moment
[2023-06-18T17:47:37.415+0000] {data_ingestion_kaggle_zip_bq.py:29} ERROR - Can only accept source files in CSV format, for the moment
[2023-06-18T17:47:37.416+0000] {data_ingestion_kaggle_zip_bq.py:29} ERROR - Can only accept source files in CSV format, for the moment
[2023-06-18T17:47:37.417+0000] {data_ingestion_kaggle_zip_bq.py:29} ERROR - Can only accept source files in CSV format, for the moment
[2023-06-18T17:47:37.418+0000] {data_ingestion_kaggle_zip_bq.py:29} ERROR - Can only accept source files in CSV format, for the moment
[2023-06-18T17:47:37.419+0000] {data_ingestion_kaggle_zip_bq.py:29} ERROR - Can only accept source files in CSV format, for the moment
[2023-06-18T17:47:37.420+0000] {data_ingestion_kaggle_zip_bq.py:29} ERROR - Can only accept source files in CSV format, for the moment
[2023-06-18T17:47:37.420+0000] {data_ingestion_kaggle_zip_bq.py:29} ERROR - Can only accept source files in CSV format, for the moment
[2023-06-18T17:47:37.421+0000] {data_ingestion_kaggle_zip_bq.py:29} ERROR - Can only accept source files in CSV format, for the moment
[2023-06-18T17:47:37.422+0000] {data_ingestion_kaggle_zip_bq.py:29} ERROR - Can only accept source files in CSV format, for the moment
[2023-06-18T17:47:37.422+0000] {data_ingestion_kaggle_zip_bq.py:29} ERROR - Can only accept source files in CSV format, for the moment
[2023-06-18T17:47:37.423+0000] {data_ingestion_kaggle_zip_bq.py:29} ERROR - Can only accept source files in CSV format, for the moment
[2023-06-18T17:47:37.423+0000] {data_ingestion_kaggle_zip_bq.py:29} ERROR - Can only accept source files in CSV format, for the moment
[2023-06-18T17:47:37.424+0000] {data_ingestion_kaggle_zip_bq.py:29} ERROR - Can only accept source files in CSV format, for the moment
[2023-06-18T17:47:37.425+0000] {data_ingestion_kaggle_zip_bq.py:29} ERROR - Can only accept source files in CSV format, for the moment
[2023-06-18T17:47:37.426+0000] {data_ingestion_kaggle_zip_bq.py:29} ERROR - Can only accept source files in CSV format, for the moment
[2023-06-18T17:47:37.426+0000] {data_ingestion_kaggle_zip_bq.py:29} ERROR - Can only accept source files in CSV format, for the moment
[2023-06-18T17:47:37.427+0000] {data_ingestion_kaggle_zip_bq.py:29} ERROR - Can only accept source files in CSV format, for the moment
[2023-06-18T17:47:37.429+0000] {data_ingestion_kaggle_zip_bq.py:29} ERROR - Can only accept source files in CSV format, for the moment
[2023-06-18T17:47:37.430+0000] {data_ingestion_kaggle_zip_bq.py:29} ERROR - Can only accept source files in CSV format, for the moment
[2023-06-18T17:47:37.431+0000] {data_ingestion_kaggle_zip_bq.py:29} ERROR - Can only accept source files in CSV format, for the moment
[2023-06-18T17:47:37.431+0000] {data_ingestion_kaggle_zip_bq.py:29} ERROR - Can only accept source files in CSV format, for the moment
[2023-06-18T17:47:37.432+0000] {data_ingestion_kaggle_zip_bq.py:29} ERROR - Can only accept source files in CSV format, for the moment
[2023-06-18T17:47:37.433+0000] {data_ingestion_kaggle_zip_bq.py:29} ERROR - Can only accept source files in CSV format, for the moment
[2023-06-18T17:47:37.434+0000] {data_ingestion_kaggle_zip_bq.py:29} ERROR - Can only accept source files in CSV format, for the moment
[2023-06-18T17:47:37.435+0000] {data_ingestion_kaggle_zip_bq.py:29} ERROR - Can only accept source files in CSV format, for the moment
[2023-06-18T17:47:37.436+0000] {data_ingestion_kaggle_zip_bq.py:29} ERROR - Can only accept source files in CSV format, for the moment
[2023-06-18T17:47:37.437+0000] {data_ingestion_kaggle_zip_bq.py:29} ERROR - Can only accept source files in CSV format, for the moment
[2023-06-18T17:47:37.437+0000] {data_ingestion_kaggle_zip_bq.py:29} ERROR - Can only accept source files in CSV format, for the moment
[2023-06-18T17:47:37.438+0000] {data_ingestion_kaggle_zip_bq.py:29} ERROR - Can only accept source files in CSV format, for the moment
[2023-06-18T17:47:37.439+0000] {data_ingestion_kaggle_zip_bq.py:29} ERROR - Can only accept source files in CSV format, for the moment
[2023-06-18T17:47:37.439+0000] {data_ingestion_kaggle_zip_bq.py:29} ERROR - Can only accept source files in CSV format, for the moment
[2023-06-18T17:47:37.440+0000] {data_ingestion_kaggle_zip_bq.py:29} ERROR - Can only accept source files in CSV format, for the moment
[2023-06-18T17:47:37.440+0000] {data_ingestion_kaggle_zip_bq.py:29} ERROR - Can only accept source files in CSV format, for the moment
[2023-06-18T17:47:37.441+0000] {data_ingestion_kaggle_zip_bq.py:29} ERROR - Can only accept source files in CSV format, for the moment
[2023-06-18T17:47:37.442+0000] {data_ingestion_kaggle_zip_bq.py:29} ERROR - Can only accept source files in CSV format, for the moment
[2023-06-18T17:47:37.443+0000] {data_ingestion_kaggle_zip_bq.py:29} ERROR - Can only accept source files in CSV format, for the moment
[2023-06-18T17:47:37.443+0000] {data_ingestion_kaggle_zip_bq.py:29} ERROR - Can only accept source files in CSV format, for the moment
[2023-06-18T17:47:37.444+0000] {data_ingestion_kaggle_zip_bq.py:29} ERROR - Can only accept source files in CSV format, for the moment
[2023-06-18T17:47:37.444+0000] {data_ingestion_kaggle_zip_bq.py:29} ERROR - Can only accept source files in CSV format, for the moment
[2023-06-18T17:47:37.445+0000] {data_ingestion_kaggle_zip_bq.py:29} ERROR - Can only accept source files in CSV format, for the moment
[2023-06-18T17:47:37.445+0000] {data_ingestion_kaggle_zip_bq.py:29} ERROR - Can only accept source files in CSV format, for the moment
[2023-06-18T17:47:37.446+0000] {python.py:177} INFO - Done. Returned value was: None
[2023-06-18T17:47:37.460+0000] {taskinstance.py:1326} INFO - Marking task as SUCCESS. dag_id=data_ingestion_kaggle_zip_bq, task_id=format_to_parquet_task, execution_date=20230618T174654, start_date=20230618T174737, end_date=20230618T174737
[2023-06-18T17:47:37.527+0000] {local_task_job.py:212} INFO - Task exited with return code 0
[2023-06-18T17:47:37.576+0000] {taskinstance.py:2585} INFO - 0 downstream tasks scheduled from follow-on schedule check
