[2023-06-18T17:24:15.556+0000] {taskinstance.py:1084} INFO - Dependencies all met for dep_context=non-requeueable deps ti=<TaskInstance: data_ingestion_kaggle_zip_bq.local_to_gcs_task manual__2023-06-18T17:21:10.003102+00:00 [queued]>
[2023-06-18T17:24:15.579+0000] {taskinstance.py:1084} INFO - Dependencies all met for dep_context=requeueable deps ti=<TaskInstance: data_ingestion_kaggle_zip_bq.local_to_gcs_task manual__2023-06-18T17:21:10.003102+00:00 [queued]>
[2023-06-18T17:24:15.580+0000] {taskinstance.py:1282} INFO - 
--------------------------------------------------------------------------------
[2023-06-18T17:24:15.582+0000] {taskinstance.py:1283} INFO - Starting attempt 1 of 2
[2023-06-18T17:24:15.583+0000] {taskinstance.py:1284} INFO - 
--------------------------------------------------------------------------------
[2023-06-18T17:24:15.643+0000] {taskinstance.py:1303} INFO - Executing <Task(PythonOperator): local_to_gcs_task> on 2023-06-18 17:21:10.003102+00:00
[2023-06-18T17:24:15.667+0000] {standard_task_runner.py:55} INFO - Started process 9928 to run task
[2023-06-18T17:24:15.672+0000] {standard_task_runner.py:82} INFO - Running: ['***', 'tasks', 'run', 'data_ingestion_kaggle_zip_bq', 'local_to_gcs_task', 'manual__2023-06-18T17:21:10.003102+00:00', '--job-id', '54', '--raw', '--subdir', 'DAGS_FOLDER/data_ingestion_kaggle_zip_bq.py', '--cfg-path', '/tmp/tmpcm5shwue']
[2023-06-18T17:24:15.685+0000] {standard_task_runner.py:83} INFO - Job 54: Subtask local_to_gcs_task
[2023-06-18T17:24:15.817+0000] {task_command.py:388} INFO - Running <TaskInstance: data_ingestion_kaggle_zip_bq.local_to_gcs_task manual__2023-06-18T17:21:10.003102+00:00 [running]> on host d0aad92f0cfd
[2023-06-18T17:24:15.950+0000] {taskinstance.py:1511} INFO - Exporting the following env vars:
AIRFLOW_CTX_DAG_OWNER=***
AIRFLOW_CTX_DAG_ID=data_ingestion_kaggle_zip_bq
AIRFLOW_CTX_TASK_ID=local_to_gcs_task
AIRFLOW_CTX_EXECUTION_DATE=2023-06-18T17:21:10.003102+00:00
AIRFLOW_CTX_TRY_NUMBER=1
AIRFLOW_CTX_DAG_RUN_ID=manual__2023-06-18T17:21:10.003102+00:00
[2023-06-18T17:27:36.171+0000] {python.py:177} INFO - Done. Returned value was: None
[2023-06-18T17:27:36.647+0000] {taskinstance.py:1326} INFO - Marking task as SUCCESS. dag_id=data_ingestion_kaggle_zip_bq, task_id=local_to_gcs_task, execution_date=20230618T172110, start_date=20230618T172415, end_date=20230618T172736
[2023-06-18T17:27:37.460+0000] {local_task_job.py:212} INFO - Task exited with return code 0
[2023-06-18T17:27:38.367+0000] {taskinstance.py:2585} INFO - 1 downstream tasks scheduled from follow-on schedule check
