[2023-06-18T17:23:54.595+0000] {taskinstance.py:1084} INFO - Dependencies all met for dep_context=non-requeueable deps ti=<TaskInstance: data_ingestion_kaggle_zip_bq.format_to_parquet_task manual__2023-06-18T17:21:10.003102+00:00 [queued]>
[2023-06-18T17:23:54.613+0000] {taskinstance.py:1084} INFO - Dependencies all met for dep_context=requeueable deps ti=<TaskInstance: data_ingestion_kaggle_zip_bq.format_to_parquet_task manual__2023-06-18T17:21:10.003102+00:00 [queued]>
[2023-06-18T17:23:54.615+0000] {taskinstance.py:1282} INFO - 
--------------------------------------------------------------------------------
[2023-06-18T17:23:54.616+0000] {taskinstance.py:1283} INFO - Starting attempt 1 of 2
[2023-06-18T17:23:54.617+0000] {taskinstance.py:1284} INFO - 
--------------------------------------------------------------------------------
[2023-06-18T17:23:54.640+0000] {taskinstance.py:1303} INFO - Executing <Task(PythonOperator): format_to_parquet_task> on 2023-06-18 17:21:10.003102+00:00
[2023-06-18T17:23:54.650+0000] {standard_task_runner.py:55} INFO - Started process 9906 to run task
[2023-06-18T17:23:54.655+0000] {standard_task_runner.py:82} INFO - Running: ['***', 'tasks', 'run', 'data_ingestion_kaggle_zip_bq', 'format_to_parquet_task', 'manual__2023-06-18T17:21:10.003102+00:00', '--job-id', '53', '--raw', '--subdir', 'DAGS_FOLDER/data_ingestion_kaggle_zip_bq.py', '--cfg-path', '/tmp/tmp_5vd5fqq']
[2023-06-18T17:23:54.657+0000] {standard_task_runner.py:83} INFO - Job 53: Subtask format_to_parquet_task
[2023-06-18T17:23:54.739+0000] {task_command.py:388} INFO - Running <TaskInstance: data_ingestion_kaggle_zip_bq.format_to_parquet_task manual__2023-06-18T17:21:10.003102+00:00 [running]> on host d0aad92f0cfd
[2023-06-18T17:23:54.837+0000] {taskinstance.py:1511} INFO - Exporting the following env vars:
AIRFLOW_CTX_DAG_OWNER=***
AIRFLOW_CTX_DAG_ID=data_ingestion_kaggle_zip_bq
AIRFLOW_CTX_TASK_ID=format_to_parquet_task
AIRFLOW_CTX_EXECUTION_DATE=2023-06-18T17:21:10.003102+00:00
AIRFLOW_CTX_TRY_NUMBER=1
AIRFLOW_CTX_DAG_RUN_ID=manual__2023-06-18T17:21:10.003102+00:00
[2023-06-18T17:23:54.839+0000] {logging_mixin.py:137} INFO - now next iteration: HDFC.csv
[2023-06-18T17:23:54.840+0000] {logging_mixin.py:137} INFO - file path succed : HDFC.csv
[2023-06-18T17:23:55.035+0000] {logging_mixin.py:137} INFO - table succeed: HDFC.csv
[2023-06-18T17:23:55.106+0000] {logging_mixin.py:137} INFO - write succeed: HDFC.csv
[2023-06-18T17:23:55.107+0000] {logging_mixin.py:137} INFO - now next iteration: BRITANNIA.csv
[2023-06-18T17:23:55.108+0000] {logging_mixin.py:137} INFO - file path succed : BRITANNIA.csv
[2023-06-18T17:23:55.284+0000] {logging_mixin.py:137} INFO - table succeed: BRITANNIA.csv
[2023-06-18T17:23:55.298+0000] {logging_mixin.py:137} INFO - write succeed: BRITANNIA.csv
[2023-06-18T17:23:55.299+0000] {logging_mixin.py:137} INFO - now next iteration: MM.csv
[2023-06-18T17:23:55.300+0000] {logging_mixin.py:137} INFO - file path succed : MM.csv
[2023-06-18T17:23:55.453+0000] {logging_mixin.py:137} INFO - table succeed: MM.csv
[2023-06-18T17:23:55.463+0000] {logging_mixin.py:137} INFO - write succeed: MM.csv
[2023-06-18T17:23:55.464+0000] {logging_mixin.py:137} INFO - now next iteration: stock_metadata.csv
[2023-06-18T17:23:55.465+0000] {logging_mixin.py:137} INFO - file path succed : stock_metadata.csv
[2023-06-18T17:23:55.604+0000] {logging_mixin.py:137} INFO - table succeed: stock_metadata.csv
[2023-06-18T17:23:55.607+0000] {logging_mixin.py:137} INFO - write succeed: stock_metadata.csv
[2023-06-18T17:23:55.608+0000] {logging_mixin.py:137} INFO - now next iteration: ADANIPORTS.csv
[2023-06-18T17:23:55.609+0000] {logging_mixin.py:137} INFO - file path succed : ADANIPORTS.csv
[2023-06-18T17:23:55.800+0000] {logging_mixin.py:137} INFO - table succeed: ADANIPORTS.csv
[2023-06-18T17:23:55.809+0000] {logging_mixin.py:137} INFO - write succeed: ADANIPORTS.csv
[2023-06-18T17:23:55.810+0000] {logging_mixin.py:137} INFO - now next iteration: GAIL.csv
[2023-06-18T17:23:55.811+0000] {logging_mixin.py:137} INFO - file path succed : GAIL.csv
[2023-06-18T17:23:55.973+0000] {logging_mixin.py:137} INFO - table succeed: GAIL.csv
[2023-06-18T17:23:55.985+0000] {logging_mixin.py:137} INFO - write succeed: GAIL.csv
[2023-06-18T17:23:55.986+0000] {logging_mixin.py:137} INFO - now next iteration: INDUSINDBK.csv
[2023-06-18T17:23:55.987+0000] {logging_mixin.py:137} INFO - file path succed : INDUSINDBK.csv
[2023-06-18T17:23:56.175+0000] {logging_mixin.py:137} INFO - table succeed: INDUSINDBK.csv
[2023-06-18T17:23:56.185+0000] {logging_mixin.py:137} INFO - write succeed: INDUSINDBK.csv
[2023-06-18T17:23:56.186+0000] {logging_mixin.py:137} INFO - now next iteration: LT.csv
[2023-06-18T17:23:56.187+0000] {logging_mixin.py:137} INFO - file path succed : LT.csv
[2023-06-18T17:23:56.338+0000] {logging_mixin.py:137} INFO - table succeed: LT.csv
[2023-06-18T17:23:56.348+0000] {logging_mixin.py:137} INFO - write succeed: LT.csv
[2023-06-18T17:23:56.349+0000] {logging_mixin.py:137} INFO - now next iteration: TCS.csv
[2023-06-18T17:23:56.350+0000] {logging_mixin.py:137} INFO - file path succed : TCS.csv
[2023-06-18T17:23:56.510+0000] {logging_mixin.py:137} INFO - table succeed: TCS.csv
[2023-06-18T17:23:56.521+0000] {logging_mixin.py:137} INFO - write succeed: TCS.csv
[2023-06-18T17:23:56.522+0000] {logging_mixin.py:137} INFO - now next iteration: HDFCBANK.csv
[2023-06-18T17:23:56.523+0000] {logging_mixin.py:137} INFO - file path succed : HDFCBANK.csv
[2023-06-18T17:23:56.685+0000] {logging_mixin.py:137} INFO - table succeed: HDFCBANK.csv
[2023-06-18T17:23:56.697+0000] {logging_mixin.py:137} INFO - write succeed: HDFCBANK.csv
[2023-06-18T17:23:56.698+0000] {logging_mixin.py:137} INFO - now next iteration: BAJAJFINSV.csv
[2023-06-18T17:23:56.699+0000] {logging_mixin.py:137} INFO - file path succed : BAJAJFINSV.csv
[2023-06-18T17:23:56.852+0000] {logging_mixin.py:137} INFO - table succeed: BAJAJFINSV.csv
[2023-06-18T17:23:56.860+0000] {logging_mixin.py:137} INFO - write succeed: BAJAJFINSV.csv
[2023-06-18T17:23:56.861+0000] {logging_mixin.py:137} INFO - now next iteration: INFY.csv
[2023-06-18T17:23:56.862+0000] {logging_mixin.py:137} INFO - file path succed : INFY.csv
[2023-06-18T17:23:57.047+0000] {logging_mixin.py:137} INFO - table succeed: INFY.csv
[2023-06-18T17:23:57.067+0000] {logging_mixin.py:137} INFO - write succeed: INFY.csv
[2023-06-18T17:23:57.069+0000] {logging_mixin.py:137} INFO - now next iteration: NTPC.csv
[2023-06-18T17:23:57.070+0000] {logging_mixin.py:137} INFO - file path succed : NTPC.csv
[2023-06-18T17:23:57.259+0000] {logging_mixin.py:137} INFO - table succeed: NTPC.csv
[2023-06-18T17:23:57.268+0000] {logging_mixin.py:137} INFO - write succeed: NTPC.csv
[2023-06-18T17:23:57.269+0000] {logging_mixin.py:137} INFO - now next iteration: TATASTEEL.csv
[2023-06-18T17:23:57.270+0000] {logging_mixin.py:137} INFO - file path succed : TATASTEEL.csv
[2023-06-18T17:23:57.426+0000] {logging_mixin.py:137} INFO - table succeed: TATASTEEL.csv
[2023-06-18T17:23:57.436+0000] {logging_mixin.py:137} INFO - write succeed: TATASTEEL.csv
[2023-06-18T17:23:57.437+0000] {logging_mixin.py:137} INFO - now next iteration: ULTRACEMCO.csv
[2023-06-18T17:23:57.438+0000] {logging_mixin.py:137} INFO - file path succed : ULTRACEMCO.csv
[2023-06-18T17:23:57.592+0000] {logging_mixin.py:137} INFO - table succeed: ULTRACEMCO.csv
[2023-06-18T17:23:57.604+0000] {logging_mixin.py:137} INFO - write succeed: ULTRACEMCO.csv
[2023-06-18T17:23:57.605+0000] {logging_mixin.py:137} INFO - now next iteration: HCLTECH.csv
[2023-06-18T17:23:57.606+0000] {logging_mixin.py:137} INFO - file path succed : HCLTECH.csv
[2023-06-18T17:23:57.768+0000] {logging_mixin.py:137} INFO - table succeed: HCLTECH.csv
[2023-06-18T17:23:57.782+0000] {logging_mixin.py:137} INFO - write succeed: HCLTECH.csv
[2023-06-18T17:23:57.783+0000] {logging_mixin.py:137} INFO - now next iteration: CIPLA.csv
[2023-06-18T17:23:57.784+0000] {logging_mixin.py:137} INFO - file path succed : CIPLA.csv
[2023-06-18T17:23:57.950+0000] {logging_mixin.py:137} INFO - table succeed: CIPLA.csv
[2023-06-18T17:23:57.966+0000] {logging_mixin.py:137} INFO - write succeed: CIPLA.csv
[2023-06-18T17:23:57.967+0000] {logging_mixin.py:137} INFO - now next iteration: NESTLEIND.csv
[2023-06-18T17:23:57.971+0000] {logging_mixin.py:137} INFO - file path succed : NESTLEIND.csv
[2023-06-18T17:23:58.154+0000] {logging_mixin.py:137} INFO - table succeed: NESTLEIND.csv
[2023-06-18T17:23:58.163+0000] {logging_mixin.py:137} INFO - write succeed: NESTLEIND.csv
[2023-06-18T17:23:58.165+0000] {logging_mixin.py:137} INFO - now next iteration: RELIANCE.csv
[2023-06-18T17:23:58.165+0000] {logging_mixin.py:137} INFO - file path succed : RELIANCE.csv
[2023-06-18T17:23:58.331+0000] {logging_mixin.py:137} INFO - table succeed: RELIANCE.csv
[2023-06-18T17:23:58.343+0000] {logging_mixin.py:137} INFO - write succeed: RELIANCE.csv
[2023-06-18T17:23:58.344+0000] {logging_mixin.py:137} INFO - now next iteration: MARUTI.csv
[2023-06-18T17:23:58.345+0000] {logging_mixin.py:137} INFO - file path succed : MARUTI.csv
[2023-06-18T17:23:58.529+0000] {logging_mixin.py:137} INFO - table succeed: MARUTI.csv
[2023-06-18T17:23:58.546+0000] {logging_mixin.py:137} INFO - write succeed: MARUTI.csv
[2023-06-18T17:23:58.547+0000] {logging_mixin.py:137} INFO - now next iteration: HEROMOTOCO.csv
[2023-06-18T17:23:58.548+0000] {logging_mixin.py:137} INFO - file path succed : HEROMOTOCO.csv
[2023-06-18T17:23:58.709+0000] {logging_mixin.py:137} INFO - table succeed: HEROMOTOCO.csv
[2023-06-18T17:23:58.719+0000] {logging_mixin.py:137} INFO - write succeed: HEROMOTOCO.csv
[2023-06-18T17:23:58.721+0000] {logging_mixin.py:137} INFO - now next iteration: ICICIBANK.csv
[2023-06-18T17:23:58.721+0000] {logging_mixin.py:137} INFO - file path succed : ICICIBANK.csv
[2023-06-18T17:23:58.891+0000] {logging_mixin.py:137} INFO - table succeed: ICICIBANK.csv
[2023-06-18T17:23:58.905+0000] {logging_mixin.py:137} INFO - write succeed: ICICIBANK.csv
[2023-06-18T17:23:58.906+0000] {logging_mixin.py:137} INFO - now next iteration: EICHERMOT.csv
[2023-06-18T17:23:58.907+0000] {logging_mixin.py:137} INFO - file path succed : EICHERMOT.csv
[2023-06-18T17:23:59.101+0000] {logging_mixin.py:137} INFO - table succeed: EICHERMOT.csv
[2023-06-18T17:23:59.114+0000] {logging_mixin.py:137} INFO - write succeed: EICHERMOT.csv
[2023-06-18T17:23:59.115+0000] {logging_mixin.py:137} INFO - now next iteration: BAJAJ-AUTO.csv
[2023-06-18T17:23:59.116+0000] {logging_mixin.py:137} INFO - file path succed : BAJAJ-AUTO.csv
[2023-06-18T17:23:59.278+0000] {logging_mixin.py:137} INFO - table succeed: BAJAJ-AUTO.csv
[2023-06-18T17:23:59.286+0000] {logging_mixin.py:137} INFO - write succeed: BAJAJ-AUTO.csv
[2023-06-18T17:23:59.288+0000] {logging_mixin.py:137} INFO - now next iteration: IOC.csv
[2023-06-18T17:23:59.288+0000] {logging_mixin.py:137} INFO - file path succed : IOC.csv
[2023-06-18T17:23:59.454+0000] {logging_mixin.py:137} INFO - table succeed: IOC.csv
[2023-06-18T17:23:59.467+0000] {logging_mixin.py:137} INFO - write succeed: IOC.csv
[2023-06-18T17:23:59.468+0000] {logging_mixin.py:137} INFO - now next iteration: WIPRO.csv
[2023-06-18T17:23:59.469+0000] {logging_mixin.py:137} INFO - file path succed : WIPRO.csv
[2023-06-18T17:23:59.655+0000] {logging_mixin.py:137} INFO - table succeed: WIPRO.csv
[2023-06-18T17:23:59.666+0000] {logging_mixin.py:137} INFO - write succeed: WIPRO.csv
[2023-06-18T17:23:59.668+0000] {logging_mixin.py:137} INFO - now next iteration: TECHM.csv
[2023-06-18T17:23:59.669+0000] {logging_mixin.py:137} INFO - file path succed : TECHM.csv
[2023-06-18T17:23:59.817+0000] {logging_mixin.py:137} INFO - table succeed: TECHM.csv
[2023-06-18T17:23:59.826+0000] {logging_mixin.py:137} INFO - write succeed: TECHM.csv
[2023-06-18T17:23:59.827+0000] {logging_mixin.py:137} INFO - now next iteration: HINDALCO.csv
[2023-06-18T17:23:59.828+0000] {logging_mixin.py:137} INFO - file path succed : HINDALCO.csv
[2023-06-18T17:23:59.971+0000] {logging_mixin.py:137} INFO - table succeed: HINDALCO.csv
[2023-06-18T17:23:59.982+0000] {logging_mixin.py:137} INFO - write succeed: HINDALCO.csv
[2023-06-18T17:23:59.983+0000] {logging_mixin.py:137} INFO - now next iteration: VEDL.csv
[2023-06-18T17:23:59.985+0000] {logging_mixin.py:137} INFO - file path succed : VEDL.csv
[2023-06-18T17:24:00.167+0000] {logging_mixin.py:137} INFO - table succeed: VEDL.csv
[2023-06-18T17:24:00.183+0000] {logging_mixin.py:137} INFO - write succeed: VEDL.csv
[2023-06-18T17:24:00.186+0000] {logging_mixin.py:137} INFO - now next iteration: SUNPHARMA.csv
[2023-06-18T17:24:00.187+0000] {logging_mixin.py:137} INFO - file path succed : SUNPHARMA.csv
[2023-06-18T17:24:00.405+0000] {logging_mixin.py:137} INFO - table succeed: SUNPHARMA.csv
[2023-06-18T17:24:00.420+0000] {logging_mixin.py:137} INFO - write succeed: SUNPHARMA.csv
[2023-06-18T17:24:00.421+0000] {logging_mixin.py:137} INFO - now next iteration: UPL.csv
[2023-06-18T17:24:00.421+0000] {logging_mixin.py:137} INFO - file path succed : UPL.csv
[2023-06-18T17:24:00.592+0000] {logging_mixin.py:137} INFO - table succeed: UPL.csv
[2023-06-18T17:24:00.604+0000] {logging_mixin.py:137} INFO - write succeed: UPL.csv
[2023-06-18T17:24:00.606+0000] {logging_mixin.py:137} INFO - now next iteration: ASIANPAINT.csv
[2023-06-18T17:24:00.606+0000] {logging_mixin.py:137} INFO - file path succed : ASIANPAINT.csv
[2023-06-18T17:24:00.775+0000] {logging_mixin.py:137} INFO - table succeed: ASIANPAINT.csv
[2023-06-18T17:24:00.788+0000] {logging_mixin.py:137} INFO - write succeed: ASIANPAINT.csv
[2023-06-18T17:24:00.789+0000] {logging_mixin.py:137} INFO - now next iteration: BPCL.csv
[2023-06-18T17:24:00.790+0000] {logging_mixin.py:137} INFO - file path succed : BPCL.csv
[2023-06-18T17:24:01.026+0000] {logging_mixin.py:137} INFO - table succeed: BPCL.csv
[2023-06-18T17:24:01.073+0000] {logging_mixin.py:137} INFO - write succeed: BPCL.csv
[2023-06-18T17:24:01.076+0000] {logging_mixin.py:137} INFO - now next iteration: TITAN.csv
[2023-06-18T17:24:01.083+0000] {logging_mixin.py:137} INFO - file path succed : TITAN.csv
[2023-06-18T17:24:01.262+0000] {logging_mixin.py:137} INFO - table succeed: TITAN.csv
[2023-06-18T17:24:01.276+0000] {logging_mixin.py:137} INFO - write succeed: TITAN.csv
[2023-06-18T17:24:01.278+0000] {logging_mixin.py:137} INFO - now next iteration: BHARTIARTL.csv
[2023-06-18T17:24:01.278+0000] {logging_mixin.py:137} INFO - file path succed : BHARTIARTL.csv
[2023-06-18T17:24:01.451+0000] {logging_mixin.py:137} INFO - table succeed: BHARTIARTL.csv
[2023-06-18T17:24:01.480+0000] {logging_mixin.py:137} INFO - write succeed: BHARTIARTL.csv
[2023-06-18T17:24:01.481+0000] {logging_mixin.py:137} INFO - now next iteration: ZEEL.csv
[2023-06-18T17:24:01.483+0000] {logging_mixin.py:137} INFO - file path succed : ZEEL.csv
[2023-06-18T17:24:01.733+0000] {logging_mixin.py:137} INFO - table succeed: ZEEL.csv
[2023-06-18T17:24:01.768+0000] {logging_mixin.py:137} INFO - write succeed: ZEEL.csv
[2023-06-18T17:24:01.770+0000] {logging_mixin.py:137} INFO - now next iteration: SBIN.csv
[2023-06-18T17:24:01.775+0000] {logging_mixin.py:137} INFO - file path succed : SBIN.csv
[2023-06-18T17:24:02.092+0000] {logging_mixin.py:137} INFO - table succeed: SBIN.csv
[2023-06-18T17:24:02.108+0000] {logging_mixin.py:137} INFO - write succeed: SBIN.csv
[2023-06-18T17:24:02.111+0000] {logging_mixin.py:137} INFO - now next iteration: NIFTY50_all.csv
[2023-06-18T17:24:02.111+0000] {logging_mixin.py:137} INFO - file path succed : NIFTY50_all.csv
[2023-06-18T17:24:02.517+0000] {logging_mixin.py:137} INFO - table succeed: NIFTY50_all.csv
[2023-06-18T17:24:02.976+0000] {logging_mixin.py:137} INFO - write succeed: NIFTY50_all.csv
[2023-06-18T17:24:02.986+0000] {logging_mixin.py:137} INFO - now next iteration: DRREDDY.csv
[2023-06-18T17:24:02.987+0000] {logging_mixin.py:137} INFO - file path succed : DRREDDY.csv
[2023-06-18T17:24:03.248+0000] {logging_mixin.py:137} INFO - table succeed: DRREDDY.csv
[2023-06-18T17:24:03.263+0000] {logging_mixin.py:137} INFO - write succeed: DRREDDY.csv
[2023-06-18T17:24:03.265+0000] {logging_mixin.py:137} INFO - now next iteration: ONGC.csv
[2023-06-18T17:24:03.266+0000] {logging_mixin.py:137} INFO - file path succed : ONGC.csv
[2023-06-18T17:24:03.516+0000] {logging_mixin.py:137} INFO - table succeed: ONGC.csv
[2023-06-18T17:24:03.527+0000] {logging_mixin.py:137} INFO - write succeed: ONGC.csv
[2023-06-18T17:24:03.528+0000] {logging_mixin.py:137} INFO - now next iteration: BAJFINANCE.csv
[2023-06-18T17:24:03.529+0000] {logging_mixin.py:137} INFO - file path succed : BAJFINANCE.csv
[2023-06-18T17:24:03.715+0000] {logging_mixin.py:137} INFO - table succeed: BAJFINANCE.csv
[2023-06-18T17:24:03.727+0000] {logging_mixin.py:137} INFO - write succeed: BAJFINANCE.csv
[2023-06-18T17:24:03.728+0000] {logging_mixin.py:137} INFO - now next iteration: KOTAKBANK.csv
[2023-06-18T17:24:03.729+0000] {logging_mixin.py:137} INFO - file path succed : KOTAKBANK.csv
[2023-06-18T17:24:03.971+0000] {logging_mixin.py:137} INFO - table succeed: KOTAKBANK.csv
[2023-06-18T17:24:04.007+0000] {logging_mixin.py:137} INFO - write succeed: KOTAKBANK.csv
[2023-06-18T17:24:04.011+0000] {logging_mixin.py:137} INFO - now next iteration: JSWSTEEL.csv
[2023-06-18T17:24:04.018+0000] {logging_mixin.py:137} INFO - file path succed : JSWSTEEL.csv
[2023-06-18T17:24:04.298+0000] {logging_mixin.py:137} INFO - table succeed: JSWSTEEL.csv
[2023-06-18T17:24:04.310+0000] {logging_mixin.py:137} INFO - write succeed: JSWSTEEL.csv
[2023-06-18T17:24:04.311+0000] {logging_mixin.py:137} INFO - now next iteration: SHREECEM.csv
[2023-06-18T17:24:04.313+0000] {logging_mixin.py:137} INFO - file path succed : SHREECEM.csv
[2023-06-18T17:24:04.592+0000] {logging_mixin.py:137} INFO - table succeed: SHREECEM.csv
[2023-06-18T17:24:04.608+0000] {logging_mixin.py:137} INFO - write succeed: SHREECEM.csv
[2023-06-18T17:24:04.615+0000] {logging_mixin.py:137} INFO - now next iteration: ITC.csv
[2023-06-18T17:24:04.616+0000] {logging_mixin.py:137} INFO - file path succed : ITC.csv
[2023-06-18T17:24:04.972+0000] {logging_mixin.py:137} INFO - table succeed: ITC.csv
[2023-06-18T17:24:05.011+0000] {logging_mixin.py:137} INFO - write succeed: ITC.csv
[2023-06-18T17:24:05.013+0000] {logging_mixin.py:137} INFO - now next iteration: POWERGRID.csv
[2023-06-18T17:24:05.016+0000] {logging_mixin.py:137} INFO - file path succed : POWERGRID.csv
[2023-06-18T17:24:05.280+0000] {logging_mixin.py:137} INFO - table succeed: POWERGRID.csv
[2023-06-18T17:24:05.292+0000] {logging_mixin.py:137} INFO - write succeed: POWERGRID.csv
[2023-06-18T17:24:05.294+0000] {logging_mixin.py:137} INFO - now next iteration: INFRATEL.csv
[2023-06-18T17:24:05.294+0000] {logging_mixin.py:137} INFO - file path succed : INFRATEL.csv
[2023-06-18T17:24:05.441+0000] {logging_mixin.py:137} INFO - table succeed: INFRATEL.csv
[2023-06-18T17:24:05.444+0000] {logging_mixin.py:137} INFO - write succeed: INFRATEL.csv
[2023-06-18T17:24:05.446+0000] {logging_mixin.py:137} INFO - now next iteration: HINDUNILVR.csv
[2023-06-18T17:24:05.449+0000] {logging_mixin.py:137} INFO - file path succed : HINDUNILVR.csv
[2023-06-18T17:24:05.653+0000] {logging_mixin.py:137} INFO - table succeed: HINDUNILVR.csv
[2023-06-18T17:24:05.699+0000] {logging_mixin.py:137} INFO - write succeed: HINDUNILVR.csv
[2023-06-18T17:24:05.702+0000] {logging_mixin.py:137} INFO - now next iteration: TATAMOTORS.csv
[2023-06-18T17:24:05.704+0000] {logging_mixin.py:137} INFO - file path succed : TATAMOTORS.csv
[2023-06-18T17:24:06.144+0000] {logging_mixin.py:137} INFO - table succeed: TATAMOTORS.csv
[2023-06-18T17:24:06.171+0000] {logging_mixin.py:137} INFO - write succeed: TATAMOTORS.csv
[2023-06-18T17:24:06.175+0000] {logging_mixin.py:137} INFO - now next iteration: GRASIM.csv
[2023-06-18T17:24:06.176+0000] {logging_mixin.py:137} INFO - file path succed : GRASIM.csv
[2023-06-18T17:24:06.398+0000] {logging_mixin.py:137} INFO - table succeed: GRASIM.csv
[2023-06-18T17:24:06.452+0000] {logging_mixin.py:137} INFO - write succeed: GRASIM.csv
[2023-06-18T17:24:06.462+0000] {logging_mixin.py:137} INFO - now next iteration: COALINDIA.csv
[2023-06-18T17:24:06.463+0000] {logging_mixin.py:137} INFO - file path succed : COALINDIA.csv
[2023-06-18T17:24:06.791+0000] {logging_mixin.py:137} INFO - table succeed: COALINDIA.csv
[2023-06-18T17:24:06.799+0000] {logging_mixin.py:137} INFO - write succeed: COALINDIA.csv
[2023-06-18T17:24:06.801+0000] {logging_mixin.py:137} INFO - now next iteration: AXISBANK.csv
[2023-06-18T17:24:06.802+0000] {logging_mixin.py:137} INFO - file path succed : AXISBANK.csv
[2023-06-18T17:24:07.086+0000] {logging_mixin.py:137} INFO - table succeed: AXISBANK.csv
[2023-06-18T17:24:07.158+0000] {logging_mixin.py:137} INFO - write succeed: AXISBANK.csv
[2023-06-18T17:24:07.171+0000] {python.py:177} INFO - Done. Returned value was: None
[2023-06-18T17:24:07.224+0000] {taskinstance.py:1326} INFO - Marking task as SUCCESS. dag_id=data_ingestion_kaggle_zip_bq, task_id=format_to_parquet_task, execution_date=20230618T172110, start_date=20230618T172354, end_date=20230618T172407
[2023-06-18T17:24:07.331+0000] {local_task_job.py:212} INFO - Task exited with return code 0
[2023-06-18T17:24:07.552+0000] {taskinstance.py:2585} INFO - 1 downstream tasks scheduled from follow-on schedule check
