[2023-06-18T17:35:22.193+0000] {taskinstance.py:1084} INFO - Dependencies all met for dep_context=non-requeueable deps ti=<TaskInstance: data_ingestion_kaggle_zip_bq.local_to_gcs_task manual__2023-06-18T17:34:54.257561+00:00 [queued]>
[2023-06-18T17:35:22.211+0000] {taskinstance.py:1084} INFO - Dependencies all met for dep_context=requeueable deps ti=<TaskInstance: data_ingestion_kaggle_zip_bq.local_to_gcs_task manual__2023-06-18T17:34:54.257561+00:00 [queued]>
[2023-06-18T17:35:22.212+0000] {taskinstance.py:1282} INFO - 
--------------------------------------------------------------------------------
[2023-06-18T17:35:22.214+0000] {taskinstance.py:1283} INFO - Starting attempt 1 of 2
[2023-06-18T17:35:22.215+0000] {taskinstance.py:1284} INFO - 
--------------------------------------------------------------------------------
[2023-06-18T17:35:22.245+0000] {taskinstance.py:1303} INFO - Executing <Task(PythonOperator): local_to_gcs_task> on 2023-06-18 17:34:54.257561+00:00
[2023-06-18T17:35:22.257+0000] {standard_task_runner.py:55} INFO - Started process 10504 to run task
[2023-06-18T17:35:22.262+0000] {standard_task_runner.py:82} INFO - Running: ['***', 'tasks', 'run', 'data_ingestion_kaggle_zip_bq', 'local_to_gcs_task', 'manual__2023-06-18T17:34:54.257561+00:00', '--job-id', '58', '--raw', '--subdir', 'DAGS_FOLDER/data_ingestion_kaggle_zip_bq.py', '--cfg-path', '/tmp/tmp26x8re1_']
[2023-06-18T17:35:22.265+0000] {standard_task_runner.py:83} INFO - Job 58: Subtask local_to_gcs_task
[2023-06-18T17:35:22.370+0000] {task_command.py:388} INFO - Running <TaskInstance: data_ingestion_kaggle_zip_bq.local_to_gcs_task manual__2023-06-18T17:34:54.257561+00:00 [running]> on host d0aad92f0cfd
[2023-06-18T17:35:22.513+0000] {taskinstance.py:1511} INFO - Exporting the following env vars:
AIRFLOW_CTX_DAG_OWNER=***
AIRFLOW_CTX_DAG_ID=data_ingestion_kaggle_zip_bq
AIRFLOW_CTX_TASK_ID=local_to_gcs_task
AIRFLOW_CTX_EXECUTION_DATE=2023-06-18T17:34:54.257561+00:00
AIRFLOW_CTX_TRY_NUMBER=1
AIRFLOW_CTX_DAG_RUN_ID=manual__2023-06-18T17:34:54.257561+00:00
[2023-06-18T17:38:50.480+0000] {python.py:177} INFO - Done. Returned value was: None
[2023-06-18T17:38:50.654+0000] {taskinstance.py:1326} INFO - Marking task as SUCCESS. dag_id=data_ingestion_kaggle_zip_bq, task_id=local_to_gcs_task, execution_date=20230618T173454, start_date=20230618T173522, end_date=20230618T173850
[2023-06-18T17:38:50.849+0000] {local_task_job.py:212} INFO - Task exited with return code 0
[2023-06-18T17:38:50.975+0000] {taskinstance.py:2585} INFO - 1 downstream tasks scheduled from follow-on schedule check
