[2023-06-18T17:09:48.551+0000] {taskinstance.py:1084} INFO - Dependencies all met for dep_context=non-requeueable deps ti=<TaskInstance: data_ingestion_kaggle_zip_bq.download_dataset_task manual__2023-06-18T17:09:36.356163+00:00 [queued]>
[2023-06-18T17:09:48.568+0000] {taskinstance.py:1084} INFO - Dependencies all met for dep_context=requeueable deps ti=<TaskInstance: data_ingestion_kaggle_zip_bq.download_dataset_task manual__2023-06-18T17:09:36.356163+00:00 [queued]>
[2023-06-18T17:09:48.569+0000] {taskinstance.py:1282} INFO - 
--------------------------------------------------------------------------------
[2023-06-18T17:09:48.570+0000] {taskinstance.py:1283} INFO - Starting attempt 1 of 2
[2023-06-18T17:09:48.571+0000] {taskinstance.py:1284} INFO - 
--------------------------------------------------------------------------------
[2023-06-18T17:09:48.603+0000] {taskinstance.py:1303} INFO - Executing <Task(BashOperator): download_dataset_task> on 2023-06-18 17:09:36.356163+00:00
[2023-06-18T17:09:48.616+0000] {standard_task_runner.py:55} INFO - Started process 9134 to run task
[2023-06-18T17:09:48.620+0000] {standard_task_runner.py:82} INFO - Running: ['***', 'tasks', 'run', 'data_ingestion_kaggle_zip_bq', 'download_dataset_task', 'manual__2023-06-18T17:09:36.356163+00:00', '--job-id', '43', '--raw', '--subdir', 'DAGS_FOLDER/data_ingestion_kaggle_zip_bq.py', '--cfg-path', '/tmp/tmp6_cn09dq']
[2023-06-18T17:09:48.622+0000] {standard_task_runner.py:83} INFO - Job 43: Subtask download_dataset_task
[2023-06-18T17:09:48.702+0000] {task_command.py:388} INFO - Running <TaskInstance: data_ingestion_kaggle_zip_bq.download_dataset_task manual__2023-06-18T17:09:36.356163+00:00 [running]> on host d0aad92f0cfd
[2023-06-18T17:09:48.795+0000] {taskinstance.py:1511} INFO - Exporting the following env vars:
AIRFLOW_CTX_DAG_OWNER=***
AIRFLOW_CTX_DAG_ID=data_ingestion_kaggle_zip_bq
AIRFLOW_CTX_TASK_ID=download_dataset_task
AIRFLOW_CTX_EXECUTION_DATE=2023-06-18T17:09:36.356163+00:00
AIRFLOW_CTX_TRY_NUMBER=1
AIRFLOW_CTX_DAG_RUN_ID=manual__2023-06-18T17:09:36.356163+00:00
[2023-06-18T17:09:48.798+0000] {subprocess.py:63} INFO - Tmp dir root location: 
 /tmp
[2023-06-18T17:09:48.813+0000] {subprocess.py:75} INFO - Running command: ['/bin/bash', '-c', '\n        cd /opt/*** &&\n        if [ ! -d corona-virus-report ]; then\n            mkdir corona-virus-report &&\n            cd corona-virus-report &&\n            kaggle datasets download -d imdevskp/corona-virus-report &&\n            unzip corona-virus-report.zip && echo "Task succeeded" || echo "Task failed" && \n            rm corona-virus-report.zip &&\n            ls\n        else\n            cd corona-virus-report &&\n            ls\n        fi\n        ']
[2023-06-18T17:09:48.859+0000] {subprocess.py:86} INFO - Output:
[2023-06-18T17:09:48.896+0000] {subprocess.py:93} INFO - country_wise_latest.parquet
[2023-06-18T17:09:48.897+0000] {subprocess.py:93} INFO - covid_19_clean_complete.parquet
[2023-06-18T17:09:48.898+0000] {subprocess.py:93} INFO - day_wise.parquet
[2023-06-18T17:09:48.898+0000] {subprocess.py:93} INFO - full_grouped.parquet
[2023-06-18T17:09:48.899+0000] {subprocess.py:93} INFO - usa_county_wise.parquet
[2023-06-18T17:09:48.900+0000] {subprocess.py:93} INFO - worldometer_data.parquet
[2023-06-18T17:09:48.900+0000] {subprocess.py:97} INFO - Command exited with return code 0
[2023-06-18T17:09:48.943+0000] {taskinstance.py:1326} INFO - Marking task as SUCCESS. dag_id=data_ingestion_kaggle_zip_bq, task_id=download_dataset_task, execution_date=20230618T170936, start_date=20230618T170948, end_date=20230618T170948
[2023-06-18T17:09:49.073+0000] {local_task_job.py:212} INFO - Task exited with return code 0
[2023-06-18T17:09:49.139+0000] {taskinstance.py:2585} INFO - 1 downstream tasks scheduled from follow-on schedule check
