[2023-06-18T17:09:51.925+0000] {taskinstance.py:1084} INFO - Dependencies all met for dep_context=non-requeueable deps ti=<TaskInstance: data_ingestion_kaggle_zip_bq.format_to_parquet_task manual__2023-06-18T17:09:36.356163+00:00 [queued]>
[2023-06-18T17:09:51.946+0000] {taskinstance.py:1084} INFO - Dependencies all met for dep_context=requeueable deps ti=<TaskInstance: data_ingestion_kaggle_zip_bq.format_to_parquet_task manual__2023-06-18T17:09:36.356163+00:00 [queued]>
[2023-06-18T17:09:51.947+0000] {taskinstance.py:1282} INFO - 
--------------------------------------------------------------------------------
[2023-06-18T17:09:51.948+0000] {taskinstance.py:1283} INFO - Starting attempt 1 of 2
[2023-06-18T17:09:51.948+0000] {taskinstance.py:1284} INFO - 
--------------------------------------------------------------------------------
[2023-06-18T17:09:51.974+0000] {taskinstance.py:1303} INFO - Executing <Task(PythonOperator): format_to_parquet_task> on 2023-06-18 17:09:36.356163+00:00
[2023-06-18T17:09:51.999+0000] {standard_task_runner.py:55} INFO - Started process 9141 to run task
[2023-06-18T17:09:52.038+0000] {standard_task_runner.py:82} INFO - Running: ['***', 'tasks', 'run', 'data_ingestion_kaggle_zip_bq', 'format_to_parquet_task', 'manual__2023-06-18T17:09:36.356163+00:00', '--job-id', '44', '--raw', '--subdir', 'DAGS_FOLDER/data_ingestion_kaggle_zip_bq.py', '--cfg-path', '/tmp/tmplcc6t195']
[2023-06-18T17:09:52.063+0000] {standard_task_runner.py:83} INFO - Job 44: Subtask format_to_parquet_task
[2023-06-18T17:09:52.477+0000] {task_command.py:388} INFO - Running <TaskInstance: data_ingestion_kaggle_zip_bq.format_to_parquet_task manual__2023-06-18T17:09:36.356163+00:00 [running]> on host d0aad92f0cfd
[2023-06-18T17:09:52.630+0000] {taskinstance.py:1511} INFO - Exporting the following env vars:
AIRFLOW_CTX_DAG_OWNER=***
AIRFLOW_CTX_DAG_ID=data_ingestion_kaggle_zip_bq
AIRFLOW_CTX_TASK_ID=format_to_parquet_task
AIRFLOW_CTX_EXECUTION_DATE=2023-06-18T17:09:36.356163+00:00
AIRFLOW_CTX_TRY_NUMBER=1
AIRFLOW_CTX_DAG_RUN_ID=manual__2023-06-18T17:09:36.356163+00:00
[2023-06-18T17:09:52.634+0000] {data_ingestion_kaggle_zip_bq.py:29} ERROR - Can only accept source files in CSV format, for the moment
[2023-06-18T17:09:52.635+0000] {data_ingestion_kaggle_zip_bq.py:29} ERROR - Can only accept source files in CSV format, for the moment
[2023-06-18T17:09:52.636+0000] {data_ingestion_kaggle_zip_bq.py:29} ERROR - Can only accept source files in CSV format, for the moment
[2023-06-18T17:09:52.637+0000] {data_ingestion_kaggle_zip_bq.py:29} ERROR - Can only accept source files in CSV format, for the moment
[2023-06-18T17:09:52.638+0000] {data_ingestion_kaggle_zip_bq.py:29} ERROR - Can only accept source files in CSV format, for the moment
[2023-06-18T17:09:52.639+0000] {data_ingestion_kaggle_zip_bq.py:29} ERROR - Can only accept source files in CSV format, for the moment
[2023-06-18T17:09:52.641+0000] {python.py:177} INFO - Done. Returned value was: None
[2023-06-18T17:09:52.656+0000] {taskinstance.py:1326} INFO - Marking task as SUCCESS. dag_id=data_ingestion_kaggle_zip_bq, task_id=format_to_parquet_task, execution_date=20230618T170936, start_date=20230618T170951, end_date=20230618T170952
[2023-06-18T17:09:52.703+0000] {local_task_job.py:212} INFO - Task exited with return code 0
[2023-06-18T17:09:52.752+0000] {taskinstance.py:2585} INFO - 1 downstream tasks scheduled from follow-on schedule check
