[2023-06-18T15:24:06.294+0000] {taskinstance.py:1084} INFO - Dependencies all met for dep_context=non-requeueable deps ti=<TaskInstance: data_ingestion_gcs_dag.format_to_parquet_task manual__2023-06-18T15:23:44.737671+00:00 [queued]>
[2023-06-18T15:24:06.307+0000] {taskinstance.py:1084} INFO - Dependencies all met for dep_context=requeueable deps ti=<TaskInstance: data_ingestion_gcs_dag.format_to_parquet_task manual__2023-06-18T15:23:44.737671+00:00 [queued]>
[2023-06-18T15:24:06.308+0000] {taskinstance.py:1282} INFO - 
--------------------------------------------------------------------------------
[2023-06-18T15:24:06.309+0000] {taskinstance.py:1283} INFO - Starting attempt 1 of 2
[2023-06-18T15:24:06.310+0000] {taskinstance.py:1284} INFO - 
--------------------------------------------------------------------------------
[2023-06-18T15:24:06.330+0000] {taskinstance.py:1303} INFO - Executing <Task(PythonOperator): format_to_parquet_task> on 2023-06-18 15:23:44.737671+00:00
[2023-06-18T15:24:06.341+0000] {standard_task_runner.py:55} INFO - Started process 3251 to run task
[2023-06-18T15:24:06.345+0000] {standard_task_runner.py:82} INFO - Running: ['***', 'tasks', 'run', 'data_ingestion_gcs_dag', 'format_to_parquet_task', 'manual__2023-06-18T15:23:44.737671+00:00', '--job-id', '19', '--raw', '--subdir', 'DAGS_FOLDER/data_ingestion_kaggle_zip.py', '--cfg-path', '/tmp/tmpt89p9pb5']
[2023-06-18T15:24:06.348+0000] {standard_task_runner.py:83} INFO - Job 19: Subtask format_to_parquet_task
[2023-06-18T15:24:06.436+0000] {task_command.py:388} INFO - Running <TaskInstance: data_ingestion_gcs_dag.format_to_parquet_task manual__2023-06-18T15:23:44.737671+00:00 [running]> on host d0aad92f0cfd
[2023-06-18T15:24:06.527+0000] {taskinstance.py:1511} INFO - Exporting the following env vars:
AIRFLOW_CTX_DAG_OWNER=***
AIRFLOW_CTX_DAG_ID=data_ingestion_gcs_dag
AIRFLOW_CTX_TASK_ID=format_to_parquet_task
AIRFLOW_CTX_EXECUTION_DATE=2023-06-18T15:23:44.737671+00:00
AIRFLOW_CTX_TRY_NUMBER=1
AIRFLOW_CTX_DAG_RUN_ID=manual__2023-06-18T15:23:44.737671+00:00
[2023-06-18T15:24:06.529+0000] {data_ingestion_kaggle_zip.py:29} ERROR - Can only accept source files in CSV format, for the moment
[2023-06-18T15:24:06.529+0000] {data_ingestion_kaggle_zip.py:29} ERROR - Can only accept source files in CSV format, for the moment
[2023-06-18T15:24:06.530+0000] {data_ingestion_kaggle_zip.py:29} ERROR - Can only accept source files in CSV format, for the moment
[2023-06-18T15:24:06.531+0000] {data_ingestion_kaggle_zip.py:29} ERROR - Can only accept source files in CSV format, for the moment
[2023-06-18T15:24:06.531+0000] {data_ingestion_kaggle_zip.py:29} ERROR - Can only accept source files in CSV format, for the moment
[2023-06-18T15:24:06.532+0000] {data_ingestion_kaggle_zip.py:29} ERROR - Can only accept source files in CSV format, for the moment
[2023-06-18T15:24:06.533+0000] {python.py:177} INFO - Done. Returned value was: None
[2023-06-18T15:24:06.548+0000] {taskinstance.py:1326} INFO - Marking task as SUCCESS. dag_id=data_ingestion_gcs_dag, task_id=format_to_parquet_task, execution_date=20230618T152344, start_date=20230618T152406, end_date=20230618T152406
[2023-06-18T15:24:06.598+0000] {local_task_job.py:212} INFO - Task exited with return code 0
[2023-06-18T15:24:06.642+0000] {taskinstance.py:2585} INFO - 1 downstream tasks scheduled from follow-on schedule check
