[2023-06-18T17:11:22.471+0000] {taskinstance.py:1084} INFO - Dependencies all met for dep_context=non-requeueable deps ti=<TaskInstance: data_ingestion_kaggle_zip_bq.local_to_gcs_task manual__2023-06-18T17:11:02.783747+00:00 [queued]>
[2023-06-18T17:11:22.495+0000] {taskinstance.py:1084} INFO - Dependencies all met for dep_context=requeueable deps ti=<TaskInstance: data_ingestion_kaggle_zip_bq.local_to_gcs_task manual__2023-06-18T17:11:02.783747+00:00 [queued]>
[2023-06-18T17:11:22.496+0000] {taskinstance.py:1282} INFO - 
--------------------------------------------------------------------------------
[2023-06-18T17:11:22.498+0000] {taskinstance.py:1283} INFO - Starting attempt 1 of 2
[2023-06-18T17:11:22.500+0000] {taskinstance.py:1284} INFO - 
--------------------------------------------------------------------------------
[2023-06-18T17:11:22.531+0000] {taskinstance.py:1303} INFO - Executing <Task(PythonOperator): local_to_gcs_task> on 2023-06-18 17:11:02.783747+00:00
[2023-06-18T17:11:22.544+0000] {standard_task_runner.py:55} INFO - Started process 9240 to run task
[2023-06-18T17:11:22.549+0000] {standard_task_runner.py:82} INFO - Running: ['***', 'tasks', 'run', 'data_ingestion_kaggle_zip_bq', 'local_to_gcs_task', 'manual__2023-06-18T17:11:02.783747+00:00', '--job-id', '49', '--raw', '--subdir', 'DAGS_FOLDER/data_ingestion_kaggle_zip_bq.py', '--cfg-path', '/tmp/tmp9k18mo_v']
[2023-06-18T17:11:22.552+0000] {standard_task_runner.py:83} INFO - Job 49: Subtask local_to_gcs_task
[2023-06-18T17:11:22.671+0000] {task_command.py:388} INFO - Running <TaskInstance: data_ingestion_kaggle_zip_bq.local_to_gcs_task manual__2023-06-18T17:11:02.783747+00:00 [running]> on host d0aad92f0cfd
[2023-06-18T17:11:22.791+0000] {taskinstance.py:1511} INFO - Exporting the following env vars:
AIRFLOW_CTX_DAG_OWNER=***
AIRFLOW_CTX_DAG_ID=data_ingestion_kaggle_zip_bq
AIRFLOW_CTX_TASK_ID=local_to_gcs_task
AIRFLOW_CTX_EXECUTION_DATE=2023-06-18T17:11:02.783747+00:00
AIRFLOW_CTX_TRY_NUMBER=1
AIRFLOW_CTX_DAG_RUN_ID=manual__2023-06-18T17:11:02.783747+00:00
[2023-06-18T17:11:49.247+0000] {python.py:177} INFO - Done. Returned value was: None
[2023-06-18T17:11:49.358+0000] {taskinstance.py:1326} INFO - Marking task as SUCCESS. dag_id=data_ingestion_kaggle_zip_bq, task_id=local_to_gcs_task, execution_date=20230618T171102, start_date=20230618T171122, end_date=20230618T171149
[2023-06-18T17:11:49.480+0000] {local_task_job.py:212} INFO - Task exited with return code 0
[2023-06-18T17:11:49.570+0000] {taskinstance.py:2585} INFO - 1 downstream tasks scheduled from follow-on schedule check
