[2023-06-18T17:02:03.683+0000] {taskinstance.py:1084} INFO - Dependencies all met for dep_context=non-requeueable deps ti=<TaskInstance: data_ingestion_kaggle_zip_bq.local_to_gcs_task manual__2023-06-18T16:55:36.332282+00:00 [queued]>
[2023-06-18T17:02:03.699+0000] {taskinstance.py:1084} INFO - Dependencies all met for dep_context=requeueable deps ti=<TaskInstance: data_ingestion_kaggle_zip_bq.local_to_gcs_task manual__2023-06-18T16:55:36.332282+00:00 [queued]>
[2023-06-18T17:02:03.700+0000] {taskinstance.py:1282} INFO - 
--------------------------------------------------------------------------------
[2023-06-18T17:02:03.701+0000] {taskinstance.py:1283} INFO - Starting attempt 1 of 2
[2023-06-18T17:02:03.702+0000] {taskinstance.py:1284} INFO - 
--------------------------------------------------------------------------------
[2023-06-18T17:02:03.728+0000] {taskinstance.py:1303} INFO - Executing <Task(PythonOperator): local_to_gcs_task> on 2023-06-18 16:55:36.332282+00:00
[2023-06-18T17:02:03.740+0000] {standard_task_runner.py:55} INFO - Started process 8694 to run task
[2023-06-18T17:02:03.744+0000] {standard_task_runner.py:82} INFO - Running: ['***', 'tasks', 'run', 'data_ingestion_kaggle_zip_bq', 'local_to_gcs_task', 'manual__2023-06-18T16:55:36.332282+00:00', '--job-id', '40', '--raw', '--subdir', 'DAGS_FOLDER/data_ingestion_kaggle_zip_bq.py', '--cfg-path', '/tmp/tmp8ovbvxny']
[2023-06-18T17:02:03.747+0000] {standard_task_runner.py:83} INFO - Job 40: Subtask local_to_gcs_task
[2023-06-18T17:02:03.836+0000] {task_command.py:388} INFO - Running <TaskInstance: data_ingestion_kaggle_zip_bq.local_to_gcs_task manual__2023-06-18T16:55:36.332282+00:00 [running]> on host d0aad92f0cfd
[2023-06-18T17:02:03.943+0000] {taskinstance.py:1511} INFO - Exporting the following env vars:
AIRFLOW_CTX_DAG_OWNER=***
AIRFLOW_CTX_DAG_ID=data_ingestion_kaggle_zip_bq
AIRFLOW_CTX_TASK_ID=local_to_gcs_task
AIRFLOW_CTX_EXECUTION_DATE=2023-06-18T16:55:36.332282+00:00
AIRFLOW_CTX_TRY_NUMBER=1
AIRFLOW_CTX_DAG_RUN_ID=manual__2023-06-18T16:55:36.332282+00:00
[2023-06-18T17:02:31.790+0000] {python.py:177} INFO - Done. Returned value was: None
[2023-06-18T17:02:31.826+0000] {taskinstance.py:1326} INFO - Marking task as SUCCESS. dag_id=data_ingestion_kaggle_zip_bq, task_id=local_to_gcs_task, execution_date=20230618T165536, start_date=20230618T170203, end_date=20230618T170231
[2023-06-18T17:02:31.901+0000] {local_task_job.py:212} INFO - Task exited with return code 0
[2023-06-18T17:02:31.933+0000] {taskinstance.py:2585} INFO - 1 downstream tasks scheduled from follow-on schedule check
