[2023-06-18T15:04:34.222+0000] {taskinstance.py:1084} INFO - Dependencies all met for dep_context=non-requeueable deps ti=<TaskInstance: data_ingestion_gcs_dag.format_to_parquet_task manual__2023-06-18T14:59:26.805968+00:00 [queued]>
[2023-06-18T15:04:34.244+0000] {taskinstance.py:1084} INFO - Dependencies all met for dep_context=requeueable deps ti=<TaskInstance: data_ingestion_gcs_dag.format_to_parquet_task manual__2023-06-18T14:59:26.805968+00:00 [queued]>
[2023-06-18T15:04:34.245+0000] {taskinstance.py:1282} INFO - 
--------------------------------------------------------------------------------
[2023-06-18T15:04:34.246+0000] {taskinstance.py:1283} INFO - Starting attempt 1 of 2
[2023-06-18T15:04:34.247+0000] {taskinstance.py:1284} INFO - 
--------------------------------------------------------------------------------
[2023-06-18T15:04:34.276+0000] {taskinstance.py:1303} INFO - Executing <Task(PythonOperator): format_to_parquet_task> on 2023-06-18 14:59:26.805968+00:00
[2023-06-18T15:04:34.294+0000] {standard_task_runner.py:55} INFO - Started process 2221 to run task
[2023-06-18T15:04:34.306+0000] {standard_task_runner.py:82} INFO - Running: ['***', 'tasks', 'run', 'data_ingestion_gcs_dag', 'format_to_parquet_task', 'manual__2023-06-18T14:59:26.805968+00:00', '--job-id', '14', '--raw', '--subdir', 'DAGS_FOLDER/data_ingestion_kaggle_zip.py', '--cfg-path', '/tmp/tmps05aufhf']
[2023-06-18T15:04:34.311+0000] {standard_task_runner.py:83} INFO - Job 14: Subtask format_to_parquet_task
[2023-06-18T15:04:34.481+0000] {task_command.py:388} INFO - Running <TaskInstance: data_ingestion_gcs_dag.format_to_parquet_task manual__2023-06-18T14:59:26.805968+00:00 [running]> on host d0aad92f0cfd
[2023-06-18T15:04:34.722+0000] {taskinstance.py:1511} INFO - Exporting the following env vars:
AIRFLOW_CTX_DAG_OWNER=***
AIRFLOW_CTX_DAG_ID=data_ingestion_gcs_dag
AIRFLOW_CTX_TASK_ID=format_to_parquet_task
AIRFLOW_CTX_EXECUTION_DATE=2023-06-18T14:59:26.805968+00:00
AIRFLOW_CTX_TRY_NUMBER=1
AIRFLOW_CTX_DAG_RUN_ID=manual__2023-06-18T14:59:26.805968+00:00
[2023-06-18T15:04:34.725+0000] {logging_mixin.py:137} INFO - now next iteration: covid_19_clean_complete.csv
[2023-06-18T15:04:34.728+0000] {logging_mixin.py:137} INFO - file path succed : covid_19_clean_complete.csv
[2023-06-18T15:04:35.070+0000] {logging_mixin.py:137} INFO - table succeed: covid_19_clean_complete.csv
[2023-06-18T15:04:35.181+0000] {logging_mixin.py:137} INFO - write succeed: covid_19_clean_complete.csv
[2023-06-18T15:04:35.183+0000] {logging_mixin.py:137} INFO - now next iteration: full_grouped.csv
[2023-06-18T15:04:35.184+0000] {logging_mixin.py:137} INFO - file path succed : full_grouped.csv
[2023-06-18T15:04:35.449+0000] {logging_mixin.py:137} INFO - table succeed: full_grouped.csv
[2023-06-18T15:04:35.471+0000] {logging_mixin.py:137} INFO - write succeed: full_grouped.csv
[2023-06-18T15:04:35.472+0000] {logging_mixin.py:137} INFO - now next iteration: usa_county_wise.csv
[2023-06-18T15:04:35.473+0000] {logging_mixin.py:137} INFO - file path succed : usa_county_wise.csv
[2023-06-18T15:04:37.481+0000] {logging_mixin.py:137} INFO - table succeed: usa_county_wise.csv
[2023-06-18T15:04:37.965+0000] {logging_mixin.py:137} INFO - write succeed: usa_county_wise.csv
[2023-06-18T15:04:37.988+0000] {logging_mixin.py:137} INFO - now next iteration: worldometer_data.csv
[2023-06-18T15:04:37.990+0000] {logging_mixin.py:137} INFO - file path succed : worldometer_data.csv
[2023-06-18T15:04:38.176+0000] {logging_mixin.py:137} INFO - table succeed: worldometer_data.csv
[2023-06-18T15:04:38.183+0000] {logging_mixin.py:137} INFO - write succeed: worldometer_data.csv
[2023-06-18T15:04:38.185+0000] {logging_mixin.py:137} INFO - now next iteration: country_wise_latest.csv
[2023-06-18T15:04:38.187+0000] {logging_mixin.py:137} INFO - file path succed : country_wise_latest.csv
[2023-06-18T15:04:38.385+0000] {logging_mixin.py:137} INFO - table succeed: country_wise_latest.csv
[2023-06-18T15:04:38.390+0000] {logging_mixin.py:137} INFO - write succeed: country_wise_latest.csv
[2023-06-18T15:04:38.391+0000] {logging_mixin.py:137} INFO - now next iteration: day_wise.csv
[2023-06-18T15:04:38.392+0000] {logging_mixin.py:137} INFO - file path succed : day_wise.csv
[2023-06-18T15:04:38.570+0000] {logging_mixin.py:137} INFO - table succeed: day_wise.csv
[2023-06-18T15:04:38.574+0000] {logging_mixin.py:137} INFO - write succeed: day_wise.csv
[2023-06-18T15:04:38.575+0000] {python.py:177} INFO - Done. Returned value was: None
[2023-06-18T15:04:38.599+0000] {taskinstance.py:1326} INFO - Marking task as SUCCESS. dag_id=data_ingestion_gcs_dag, task_id=format_to_parquet_task, execution_date=20230618T145926, start_date=20230618T150434, end_date=20230618T150438
[2023-06-18T15:04:38.693+0000] {local_task_job.py:212} INFO - Task exited with return code 0
[2023-06-18T15:04:38.743+0000] {taskinstance.py:2585} INFO - 0 downstream tasks scheduled from follow-on schedule check
