[2023-06-18T15:46:59.776+0000] {taskinstance.py:1084} INFO - Dependencies all met for dep_context=non-requeueable deps ti=<TaskInstance: data_ingestion_gcs_dag.local_to_gcs_task manual__2023-06-18T15:46:42.243088+00:00 [queued]>
[2023-06-18T15:46:59.806+0000] {taskinstance.py:1084} INFO - Dependencies all met for dep_context=requeueable deps ti=<TaskInstance: data_ingestion_gcs_dag.local_to_gcs_task manual__2023-06-18T15:46:42.243088+00:00 [queued]>
[2023-06-18T15:46:59.807+0000] {taskinstance.py:1282} INFO - 
--------------------------------------------------------------------------------
[2023-06-18T15:46:59.808+0000] {taskinstance.py:1283} INFO - Starting attempt 1 of 2
[2023-06-18T15:46:59.810+0000] {taskinstance.py:1284} INFO - 
--------------------------------------------------------------------------------
[2023-06-18T15:46:59.846+0000] {taskinstance.py:1303} INFO - Executing <Task(PythonOperator): local_to_gcs_task> on 2023-06-18 15:46:42.243088+00:00
[2023-06-18T15:46:59.863+0000] {standard_task_runner.py:55} INFO - Started process 4561 to run task
[2023-06-18T15:46:59.873+0000] {standard_task_runner.py:82} INFO - Running: ['***', 'tasks', 'run', 'data_ingestion_gcs_dag', 'local_to_gcs_task', 'manual__2023-06-18T15:46:42.243088+00:00', '--job-id', '30', '--raw', '--subdir', 'DAGS_FOLDER/data_ingestion_kaggle_zip.py', '--cfg-path', '/tmp/tmppoi2aoel']
[2023-06-18T15:46:59.879+0000] {standard_task_runner.py:83} INFO - Job 30: Subtask local_to_gcs_task
[2023-06-18T15:47:00.078+0000] {task_command.py:388} INFO - Running <TaskInstance: data_ingestion_gcs_dag.local_to_gcs_task manual__2023-06-18T15:46:42.243088+00:00 [running]> on host d0aad92f0cfd
[2023-06-18T15:47:00.239+0000] {taskinstance.py:1511} INFO - Exporting the following env vars:
AIRFLOW_CTX_DAG_OWNER=***
AIRFLOW_CTX_DAG_ID=data_ingestion_gcs_dag
AIRFLOW_CTX_TASK_ID=local_to_gcs_task
AIRFLOW_CTX_EXECUTION_DATE=2023-06-18T15:46:42.243088+00:00
AIRFLOW_CTX_TRY_NUMBER=1
AIRFLOW_CTX_DAG_RUN_ID=manual__2023-06-18T15:46:42.243088+00:00
[2023-06-18T15:47:44.663+0000] {python.py:177} INFO - Done. Returned value was: None
[2023-06-18T15:47:44.943+0000] {taskinstance.py:1326} INFO - Marking task as SUCCESS. dag_id=data_ingestion_gcs_dag, task_id=local_to_gcs_task, execution_date=20230618T154642, start_date=20230618T154659, end_date=20230618T154744
[2023-06-18T15:47:45.101+0000] {local_task_job.py:212} INFO - Task exited with return code 0
[2023-06-18T15:47:45.290+0000] {taskinstance.py:2585} INFO - 1 downstream tasks scheduled from follow-on schedule check
